<?xml version="1.0" encoding="UTF-8"?>
<testsuite name="Creacion Usuario Utest.com" tests="1" skipped="0" failures="0" errors="0" timestamp="2021-11-25T21:03:09" hostname="DESKTOP-86MUCG6" time="41.343">
  <properties/>
  <testcase name=": Creacion Usuario" classname="Creacion Usuario Utest.com" time="41.343"/>
  <system-out><![CDATA[]]></system-out>
  <system-err><![CDATA[[Test worker] WARN net.thucydides.core.steps.BaseStepListener - stepStarted: net.thucydides.core.steps.ExecutedStepDescription@389d58d
[Test worker] WARN net.thucydides.core.steps.BaseStepListener - stepStarted: net.thucydides.core.steps.ExecutedStepDescription@16aafb04
[Test worker] WARN net.thucydides.core.steps.BaseStepListener - stepStarted: net.thucydides.core.steps.ExecutedStepDescription@61c95235
nov 25, 2021 4:03:10 PM org.openqa.selenium.remote.DesiredCapabilities chrome
INFORMACIÓN: Using `new ChromeOptions()` is preferred to `DesiredCapabilities.chrome()`
[Test worker] INFO net.serenitybdd.core.webdriver.driverproviders.ProvideNewDriver - Instantiating driver
[Test worker] INFO net.serenitybdd.core.webdriver.driverproviders.ProvideNewDriver - Driver capabilities: Capabilities {acceptInsecureCerts: false, browserName: chrome, chrome.switches: --start-maximized, goog:chromeOptions: {args: [--start-maximized], extensions: []}, loggingPrefs: org.openqa.selenium.logging..., platform: ANY, version: }
Starting ChromeDriver 96.0.4664.45 (76e4c1bb2ab4671b8beba3444e61c0f17584b2fc-refs/branch-heads/4664@{#947}) on port 24616
Only local connections are allowed.
Please see https://chromedriver.chromium.org/security-considerations for suggestions on keeping ChromeDriver safe.
ChromeDriver was started successfully.
nov 25, 2021 4:03:12 PM org.openqa.selenium.remote.ProtocolHandshake createSession
INFORMACIÓN: Detected dialect: W3C
[Test worker] WARN net.thucydides.core.steps.BaseStepListener - stepFinished: current outcome:: Creacion Usuario:Dado Que un usuario desea registrarse en la plataforma de Utest [Jhon abrir [Jhon opens the Utest pages]]
[Test worker] WARN net.thucydides.core.steps.BaseStepListener - stepFinished: current outcome:: Creacion Usuario:Dado Que un usuario desea registrarse en la plataforma de Utest [Jhon abrir [Jhon opens the Utest pages]]
[Test worker] WARN net.thucydides.core.steps.BaseStepListener - stepStarted: net.thucydides.core.steps.ExecutedStepDescription@41c79eee
[Test worker] WARN net.thucydides.core.steps.BaseStepListener - stepStarted: net.thucydides.core.steps.ExecutedStepDescription@50db4a16
[Test worker] WARN net.thucydides.core.steps.BaseStepListener - stepFinished: current outcome:: Creacion Usuario:Dado Que un usuario desea registrarse en la plataforma de Utest [Jhon abrir [Jhon opens the Utest pages], Jhon registrarse [Jhon clicks on Boton para ir al formulario de registro]]
[Test worker] WARN net.thucydides.core.steps.BaseStepListener - stepFinished: current outcome:: Creacion Usuario:Dado Que un usuario desea registrarse en la plataforma de Utest [Jhon abrir [Jhon opens the Utest pages], Jhon registrarse [Jhon clicks on Boton para ir al formulario de registro]]
[Test worker] WARN net.thucydides.core.steps.BaseStepListener - stepFinished: current outcome:: Creacion Usuario:Dado Que un usuario desea registrarse en la plataforma de Utest [Jhon abrir [Jhon opens the Utest pages], Jhon registrarse [Jhon clicks on Boton para ir al formulario de registro]]
[Test worker] WARN net.thucydides.core.steps.BaseStepListener - stepStarted: net.thucydides.core.steps.ExecutedStepDescription@d494910
[Test worker] WARN net.thucydides.core.steps.BaseStepListener - stepStarted: net.thucydides.core.steps.ExecutedStepDescription@6612f02e
[Test worker] WARN net.thucydides.core.steps.BaseStepListener - stepStarted: net.thucydides.core.steps.ExecutedStepDescription@4c9817db
[Test worker] WARN net.thucydides.core.steps.BaseStepListener - stepFinished: current outcome:: Creacion Usuario:Dado Que un usuario desea registrarse en la plataforma de Utest [Jhon abrir [Jhon opens the Utest pages], Jhon registrarse [Jhon clicks on Boton para ir al formulario de registro]], Cuando Diligencie el primer paso del registro en la plataforma de Utest
| nombre | apellido | email | mesC | dayC | anioC | lenguajeUs |
| Jhon Jairo | Bautista Amaya | jhonbautist@gmail.com | September | 26 | 1998 | Spanish | [Jhon paso uno [Jhon enters 'Jhon Jairo' into caja de texto para ingreso del nombre]]
[Test worker] WARN net.thucydides.core.steps.BaseStepListener - stepStarted: net.thucydides.core.steps.ExecutedStepDescription@68a46040
[Test worker] WARN net.thucydides.core.steps.BaseStepListener - stepFinished: current outcome:: Creacion Usuario:Dado Que un usuario desea registrarse en la plataforma de Utest [Jhon abrir [Jhon opens the Utest pages], Jhon registrarse [Jhon clicks on Boton para ir al formulario de registro]], Cuando Diligencie el primer paso del registro en la plataforma de Utest
| nombre | apellido | email | mesC | dayC | anioC | lenguajeUs |
| Jhon Jairo | Bautista Amaya | jhonbautist@gmail.com | September | 26 | 1998 | Spanish | [Jhon paso uno [Jhon enters 'Jhon Jairo' into caja de texto para ingreso del nombre, Jhon enters 'Bautista Amaya' into caja de texto para ingreso del apellido]]
[Test worker] WARN net.thucydides.core.steps.BaseStepListener - stepStarted: net.thucydides.core.steps.ExecutedStepDescription@7b326447
[Test worker] WARN net.thucydides.core.steps.BaseStepListener - stepFinished: current outcome:: Creacion Usuario:Dado Que un usuario desea registrarse en la plataforma de Utest [Jhon abrir [Jhon opens the Utest pages], Jhon registrarse [Jhon clicks on Boton para ir al formulario de registro]], Cuando Diligencie el primer paso del registro en la plataforma de Utest
| nombre | apellido | email | mesC | dayC | anioC | lenguajeUs |
| Jhon Jairo | Bautista Amaya | jhonbautist@gmail.com | September | 26 | 1998 | Spanish | [Jhon paso uno [Jhon enters 'Jhon Jairo' into caja de texto para ingreso del nombre, Jhon enters 'Bautista Amaya' into caja de texto para ingreso del apellido, Jhon enters 'jhonbautist@gmail.com' into Caja de texto para ingreso del correo]]
[Test worker] WARN net.thucydides.core.steps.BaseStepListener - stepStarted: net.thucydides.core.steps.ExecutedStepDescription@6871b5eb
[Test worker] WARN net.thucydides.core.steps.BaseStepListener - stepFinished: current outcome:: Creacion Usuario:Dado Que un usuario desea registrarse en la plataforma de Utest [Jhon abrir [Jhon opens the Utest pages], Jhon registrarse [Jhon clicks on Boton para ir al formulario de registro]], Cuando Diligencie el primer paso del registro en la plataforma de Utest
| nombre | apellido | email | mesC | dayC | anioC | lenguajeUs |
| Jhon Jairo | Bautista Amaya | jhonbautist@gmail.com | September | 26 | 1998 | Spanish | [Jhon paso uno [Jhon enters 'Jhon Jairo' into caja de texto para ingreso del nombre, Jhon enters 'Bautista Amaya' into caja de texto para ingreso del apellido, Jhon enters 'jhonbautist@gmail.com' into Caja de texto para ingreso del correo, Jhon clicks on Ingreso del mes de naciemiento]]
[Test worker] WARN net.thucydides.core.steps.BaseStepListener - stepStarted: net.thucydides.core.steps.ExecutedStepDescription@1926d96c
[Test worker] WARN net.thucydides.core.steps.BaseStepListener - stepFinished: current outcome:: Creacion Usuario:Dado Que un usuario desea registrarse en la plataforma de Utest [Jhon abrir [Jhon opens the Utest pages], Jhon registrarse [Jhon clicks on Boton para ir al formulario de registro]], Cuando Diligencie el primer paso del registro en la plataforma de Utest
| nombre | apellido | email | mesC | dayC | anioC | lenguajeUs |
| Jhon Jairo | Bautista Amaya | jhonbautist@gmail.com | September | 26 | 1998 | Spanish | [Jhon paso uno [Jhon enters 'Jhon Jairo' into caja de texto para ingreso del nombre, Jhon enters 'Bautista Amaya' into caja de texto para ingreso del apellido, Jhon enters 'jhonbautist@gmail.com' into Caja de texto para ingreso del correo, Jhon clicks on Ingreso del mes de naciemiento, Jhon clicks on seleciona el mes de naciemiento]]
[Test worker] WARN net.thucydides.core.steps.BaseStepListener - stepStarted: net.thucydides.core.steps.ExecutedStepDescription@82c24fe
[Test worker] WARN net.thucydides.core.steps.BaseStepListener - stepFinished: current outcome:: Creacion Usuario:Dado Que un usuario desea registrarse en la plataforma de Utest [Jhon abrir [Jhon opens the Utest pages], Jhon registrarse [Jhon clicks on Boton para ir al formulario de registro]], Cuando Diligencie el primer paso del registro en la plataforma de Utest
| nombre | apellido | email | mesC | dayC | anioC | lenguajeUs |
| Jhon Jairo | Bautista Amaya | jhonbautist@gmail.com | September | 26 | 1998 | Spanish | [Jhon paso uno [Jhon enters 'Jhon Jairo' into caja de texto para ingreso del nombre, Jhon enters 'Bautista Amaya' into caja de texto para ingreso del apellido, Jhon enters 'jhonbautist@gmail.com' into Caja de texto para ingreso del correo, Jhon clicks on Ingreso del mes de naciemiento, Jhon clicks on seleciona el mes de naciemiento, Jhon clicks on Ingreso del day de naciemiento]]
[Test worker] WARN net.thucydides.core.steps.BaseStepListener - stepStarted: net.thucydides.core.steps.ExecutedStepDescription@27ba6c1d
[Test worker] WARN net.thucydides.core.steps.BaseStepListener - stepFinished: current outcome:: Creacion Usuario:Dado Que un usuario desea registrarse en la plataforma de Utest [Jhon abrir [Jhon opens the Utest pages], Jhon registrarse [Jhon clicks on Boton para ir al formulario de registro]], Cuando Diligencie el primer paso del registro en la plataforma de Utest
| nombre | apellido | email | mesC | dayC | anioC | lenguajeUs |
| Jhon Jairo | Bautista Amaya | jhonbautist@gmail.com | September | 26 | 1998 | Spanish | [Jhon paso uno [Jhon enters 'Jhon Jairo' into caja de texto para ingreso del nombre, Jhon enters 'Bautista Amaya' into caja de texto para ingreso del apellido, Jhon enters 'jhonbautist@gmail.com' into Caja de texto para ingreso del correo, Jhon clicks on Ingreso del mes de naciemiento, Jhon clicks on seleciona el mes de naciemiento, Jhon clicks on Ingreso del day de naciemiento, Jhon clicks on seleciona el day de naciemiento]]
[Test worker] WARN net.thucydides.core.steps.BaseStepListener - stepStarted: net.thucydides.core.steps.ExecutedStepDescription@4a9b8711
[Test worker] WARN net.thucydides.core.steps.BaseStepListener - stepFinished: current outcome:: Creacion Usuario:Dado Que un usuario desea registrarse en la plataforma de Utest [Jhon abrir [Jhon opens the Utest pages], Jhon registrarse [Jhon clicks on Boton para ir al formulario de registro]], Cuando Diligencie el primer paso del registro en la plataforma de Utest
| nombre | apellido | email | mesC | dayC | anioC | lenguajeUs |
| Jhon Jairo | Bautista Amaya | jhonbautist@gmail.com | September | 26 | 1998 | Spanish | [Jhon paso uno [Jhon enters 'Jhon Jairo' into caja de texto para ingreso del nombre, Jhon enters 'Bautista Amaya' into caja de texto para ingreso del apellido, Jhon enters 'jhonbautist@gmail.com' into Caja de texto para ingreso del correo, Jhon clicks on Ingreso del mes de naciemiento, Jhon clicks on seleciona el mes de naciemiento, Jhon clicks on Ingreso del day de naciemiento, Jhon clicks on seleciona el day de naciemiento, Jhon clicks on Ingreso del aÃ±o de naciemiento]]
[Test worker] WARN net.thucydides.core.steps.BaseStepListener - stepStarted: net.thucydides.core.steps.ExecutedStepDescription@31075435
[Test worker] WARN net.thucydides.core.steps.BaseStepListener - stepFinished: current outcome:: Creacion Usuario:Dado Que un usuario desea registrarse en la plataforma de Utest [Jhon abrir [Jhon opens the Utest pages], Jhon registrarse [Jhon clicks on Boton para ir al formulario de registro]], Cuando Diligencie el primer paso del registro en la plataforma de Utest
| nombre | apellido | email | mesC | dayC | anioC | lenguajeUs |
| Jhon Jairo | Bautista Amaya | jhonbautist@gmail.com | September | 26 | 1998 | Spanish | [Jhon paso uno [Jhon enters 'Jhon Jairo' into caja de texto para ingreso del nombre, Jhon enters 'Bautista Amaya' into caja de texto para ingreso del apellido, Jhon enters 'jhonbautist@gmail.com' into Caja de texto para ingreso del correo, Jhon clicks on Ingreso del mes de naciemiento, Jhon clicks on seleciona el mes de naciemiento, Jhon clicks on Ingreso del day de naciemiento, Jhon clicks on seleciona el day de naciemiento, Jhon clicks on Ingreso del aÃ±o de naciemiento, Jhon clicks on seleciona el aÃ±o de naciemiento]]
[Test worker] WARN net.thucydides.core.steps.BaseStepListener - stepStarted: net.thucydides.core.steps.ExecutedStepDescription@2243ce29
[Test worker] WARN net.thucydides.core.steps.BaseStepListener - stepFinished: current outcome:: Creacion Usuario:Dado Que un usuario desea registrarse en la plataforma de Utest [Jhon abrir [Jhon opens the Utest pages], Jhon registrarse [Jhon clicks on Boton para ir al formulario de registro]], Cuando Diligencie el primer paso del registro en la plataforma de Utest
| nombre | apellido | email | mesC | dayC | anioC | lenguajeUs |
| Jhon Jairo | Bautista Amaya | jhonbautist@gmail.com | September | 26 | 1998 | Spanish | [Jhon paso uno [Jhon enters 'Jhon Jairo' into caja de texto para ingreso del nombre, Jhon enters 'Bautista Amaya' into caja de texto para ingreso del apellido, Jhon enters 'jhonbautist@gmail.com' into Caja de texto para ingreso del correo, Jhon clicks on Ingreso del mes de naciemiento, Jhon clicks on seleciona el mes de naciemiento, Jhon clicks on Ingreso del day de naciemiento, Jhon clicks on seleciona el day de naciemiento, Jhon clicks on Ingreso del aÃ±o de naciemiento, Jhon clicks on seleciona el aÃ±o de naciemiento, Jhon enters 'Spanish' into Agrega idioma ]]
[Test worker] WARN net.thucydides.core.steps.BaseStepListener - stepStarted: net.thucydides.core.steps.ExecutedStepDescription@252fa05d
[Test worker] WARN net.thucydides.core.steps.BaseStepListener - stepFinished: current outcome:: Creacion Usuario:Dado Que un usuario desea registrarse en la plataforma de Utest [Jhon abrir [Jhon opens the Utest pages], Jhon registrarse [Jhon clicks on Boton para ir al formulario de registro]], Cuando Diligencie el primer paso del registro en la plataforma de Utest
| nombre | apellido | email | mesC | dayC | anioC | lenguajeUs |
| Jhon Jairo | Bautista Amaya | jhonbautist@gmail.com | September | 26 | 1998 | Spanish | [Jhon paso uno [Jhon enters 'Jhon Jairo' into caja de texto para ingreso del nombre, Jhon enters 'Bautista Amaya' into caja de texto para ingreso del apellido, Jhon enters 'jhonbautist@gmail.com' into Caja de texto para ingreso del correo, Jhon clicks on Ingreso del mes de naciemiento, Jhon clicks on seleciona el mes de naciemiento, Jhon clicks on Ingreso del day de naciemiento, Jhon clicks on seleciona el day de naciemiento, Jhon clicks on Ingreso del aÃ±o de naciemiento, Jhon clicks on seleciona el aÃ±o de naciemiento, Jhon enters 'Spanish' into Agrega idioma , Jhon clicks on Agrega idioma ]]
[Test worker] WARN net.thucydides.core.steps.BaseStepListener - stepStarted: net.thucydides.core.steps.ExecutedStepDescription@6c9fa74a
[Test worker] WARN net.thucydides.core.steps.BaseStepListener - stepFinished: current outcome:: Creacion Usuario:Dado Que un usuario desea registrarse en la plataforma de Utest [Jhon abrir [Jhon opens the Utest pages], Jhon registrarse [Jhon clicks on Boton para ir al formulario de registro]], Cuando Diligencie el primer paso del registro en la plataforma de Utest
| nombre | apellido | email | mesC | dayC | anioC | lenguajeUs |
| Jhon Jairo | Bautista Amaya | jhonbautist@gmail.com | September | 26 | 1998 | Spanish | [Jhon paso uno [Jhon enters 'Jhon Jairo' into caja de texto para ingreso del nombre, Jhon enters 'Bautista Amaya' into caja de texto para ingreso del apellido, Jhon enters 'jhonbautist@gmail.com' into Caja de texto para ingreso del correo, Jhon clicks on Ingreso del mes de naciemiento, Jhon clicks on seleciona el mes de naciemiento, Jhon clicks on Ingreso del day de naciemiento, Jhon clicks on seleciona el day de naciemiento, Jhon clicks on Ingreso del aÃ±o de naciemiento, Jhon clicks on seleciona el aÃ±o de naciemiento, Jhon enters 'Spanish' into Agrega idioma , Jhon clicks on Agrega idioma , Jhon clicks on Agrega idioma ]]
[Test worker] WARN net.thucydides.core.steps.BaseStepListener - stepFinished: current outcome:: Creacion Usuario:Dado Que un usuario desea registrarse en la plataforma de Utest [Jhon abrir [Jhon opens the Utest pages], Jhon registrarse [Jhon clicks on Boton para ir al formulario de registro]], Cuando Diligencie el primer paso del registro en la plataforma de Utest
| nombre | apellido | email | mesC | dayC | anioC | lenguajeUs |
| Jhon Jairo | Bautista Amaya | jhonbautist@gmail.com | September | 26 | 1998 | Spanish | [Jhon paso uno [Jhon enters 'Jhon Jairo' into caja de texto para ingreso del nombre, Jhon enters 'Bautista Amaya' into caja de texto para ingreso del apellido, Jhon enters 'jhonbautist@gmail.com' into Caja de texto para ingreso del correo, Jhon clicks on Ingreso del mes de naciemiento, Jhon clicks on seleciona el mes de naciemiento, Jhon clicks on Ingreso del day de naciemiento, Jhon clicks on seleciona el day de naciemiento, Jhon clicks on Ingreso del aÃ±o de naciemiento, Jhon clicks on seleciona el aÃ±o de naciemiento, Jhon enters 'Spanish' into Agrega idioma , Jhon clicks on Agrega idioma , Jhon clicks on Agrega idioma ]]
[Test worker] WARN net.thucydides.core.steps.BaseStepListener - stepFinished: current outcome:: Creacion Usuario:Dado Que un usuario desea registrarse en la plataforma de Utest [Jhon abrir [Jhon opens the Utest pages], Jhon registrarse [Jhon clicks on Boton para ir al formulario de registro]], Cuando Diligencie el primer paso del registro en la plataforma de Utest
| nombre | apellido | email | mesC | dayC | anioC | lenguajeUs |
| Jhon Jairo | Bautista Amaya | jhonbautist@gmail.com | September | 26 | 1998 | Spanish | [Jhon paso uno [Jhon enters 'Jhon Jairo' into caja de texto para ingreso del nombre, Jhon enters 'Bautista Amaya' into caja de texto para ingreso del apellido, Jhon enters 'jhonbautist@gmail.com' into Caja de texto para ingreso del correo, Jhon clicks on Ingreso del mes de naciemiento, Jhon clicks on seleciona el mes de naciemiento, Jhon clicks on Ingreso del day de naciemiento, Jhon clicks on seleciona el day de naciemiento, Jhon clicks on Ingreso del aÃ±o de naciemiento, Jhon clicks on seleciona el aÃ±o de naciemiento, Jhon enters 'Spanish' into Agrega idioma , Jhon clicks on Agrega idioma , Jhon clicks on Agrega idioma ]]
[Test worker] WARN net.thucydides.core.steps.BaseStepListener - stepStarted: net.thucydides.core.steps.ExecutedStepDescription@7ddd1a9e
[Test worker] WARN net.thucydides.core.steps.BaseStepListener - stepStarted: net.thucydides.core.steps.ExecutedStepDescription@71d07536
[Test worker] WARN net.thucydides.core.steps.BaseStepListener - stepStarted: net.thucydides.core.steps.ExecutedStepDescription@639be16b
[Test worker] WARN net.thucydides.core.steps.BaseStepListener - stepFinished: current outcome:: Creacion Usuario:Dado Que un usuario desea registrarse en la plataforma de Utest [Jhon abrir [Jhon opens the Utest pages], Jhon registrarse [Jhon clicks on Boton para ir al formulario de registro]], Cuando Diligencie el primer paso del registro en la plataforma de Utest
| nombre | apellido | email | mesC | dayC | anioC | lenguajeUs |
| Jhon Jairo | Bautista Amaya | jhonbautist@gmail.com | September | 26 | 1998 | Spanish | [Jhon paso uno [Jhon enters 'Jhon Jairo' into caja de texto para ingreso del nombre, Jhon enters 'Bautista Amaya' into caja de texto para ingreso del apellido, Jhon enters 'jhonbautist@gmail.com' into Caja de texto para ingreso del correo, Jhon clicks on Ingreso del mes de naciemiento, Jhon clicks on seleciona el mes de naciemiento, Jhon clicks on Ingreso del day de naciemiento, Jhon clicks on seleciona el day de naciemiento, Jhon clicks on Ingreso del aÃ±o de naciemiento, Jhon clicks on seleciona el aÃ±o de naciemiento, Jhon enters 'Spanish' into Agrega idioma , Jhon clicks on Agrega idioma , Jhon clicks on Agrega idioma ]], Y Diligencie el segundo paso del registro en la plataforma de Utest
| ciudad | codPostal | pais |
| Bogotá | 110111 | Colombia | [Jhon paso dos [Jhon enters 'Bogotá' into caja de texto para ingreso de la ciudad ]]
[Test worker] WARN net.thucydides.core.steps.BaseStepListener - stepStarted: net.thucydides.core.steps.ExecutedStepDescription@55a6776
[Test worker] WARN net.thucydides.core.steps.BaseStepListener - stepFinished: current outcome:: Creacion Usuario:Dado Que un usuario desea registrarse en la plataforma de Utest [Jhon abrir [Jhon opens the Utest pages], Jhon registrarse [Jhon clicks on Boton para ir al formulario de registro]], Cuando Diligencie el primer paso del registro en la plataforma de Utest
| nombre | apellido | email | mesC | dayC | anioC | lenguajeUs |
| Jhon Jairo | Bautista Amaya | jhonbautist@gmail.com | September | 26 | 1998 | Spanish | [Jhon paso uno [Jhon enters 'Jhon Jairo' into caja de texto para ingreso del nombre, Jhon enters 'Bautista Amaya' into caja de texto para ingreso del apellido, Jhon enters 'jhonbautist@gmail.com' into Caja de texto para ingreso del correo, Jhon clicks on Ingreso del mes de naciemiento, Jhon clicks on seleciona el mes de naciemiento, Jhon clicks on Ingreso del day de naciemiento, Jhon clicks on seleciona el day de naciemiento, Jhon clicks on Ingreso del aÃ±o de naciemiento, Jhon clicks on seleciona el aÃ±o de naciemiento, Jhon enters 'Spanish' into Agrega idioma , Jhon clicks on Agrega idioma , Jhon clicks on Agrega idioma ]], Y Diligencie el segundo paso del registro en la plataforma de Utest
| ciudad | codPostal | pais |
| Bogotá | 110111 | Colombia | [Jhon paso dos [Jhon enters 'Bogotá' into caja de texto para ingreso de la ciudad , Jhon enters DOWN into caja de texto para ingreso de la ciudad ]]
[Test worker] WARN net.thucydides.core.steps.BaseStepListener - stepStarted: net.thucydides.core.steps.ExecutedStepDescription@282f95ea
[Test worker] WARN net.thucydides.core.steps.BaseStepListener - stepFinished: current outcome:: Creacion Usuario:Dado Que un usuario desea registrarse en la plataforma de Utest [Jhon abrir [Jhon opens the Utest pages], Jhon registrarse [Jhon clicks on Boton para ir al formulario de registro]], Cuando Diligencie el primer paso del registro en la plataforma de Utest
| nombre | apellido | email | mesC | dayC | anioC | lenguajeUs |
| Jhon Jairo | Bautista Amaya | jhonbautist@gmail.com | September | 26 | 1998 | Spanish | [Jhon paso uno [Jhon enters 'Jhon Jairo' into caja de texto para ingreso del nombre, Jhon enters 'Bautista Amaya' into caja de texto para ingreso del apellido, Jhon enters 'jhonbautist@gmail.com' into Caja de texto para ingreso del correo, Jhon clicks on Ingreso del mes de naciemiento, Jhon clicks on seleciona el mes de naciemiento, Jhon clicks on Ingreso del day de naciemiento, Jhon clicks on seleciona el day de naciemiento, Jhon clicks on Ingreso del aÃ±o de naciemiento, Jhon clicks on seleciona el aÃ±o de naciemiento, Jhon enters 'Spanish' into Agrega idioma , Jhon clicks on Agrega idioma , Jhon clicks on Agrega idioma ]], Y Diligencie el segundo paso del registro en la plataforma de Utest
| ciudad | codPostal | pais |
| Bogotá | 110111 | Colombia | [Jhon paso dos [Jhon enters 'Bogotá' into caja de texto para ingreso de la ciudad , Jhon enters DOWN into caja de texto para ingreso de la ciudad , Jhon enters ENTER into caja de texto para ingreso de la ciudad ]]
[Test worker] WARN net.thucydides.core.steps.BaseStepListener - stepStarted: net.thucydides.core.steps.ExecutedStepDescription@6137a116
[Test worker] WARN net.thucydides.core.steps.BaseStepListener - stepFinished: current outcome:: Creacion Usuario:Dado Que un usuario desea registrarse en la plataforma de Utest [Jhon abrir [Jhon opens the Utest pages], Jhon registrarse [Jhon clicks on Boton para ir al formulario de registro]], Cuando Diligencie el primer paso del registro en la plataforma de Utest
| nombre | apellido | email | mesC | dayC | anioC | lenguajeUs |
| Jhon Jairo | Bautista Amaya | jhonbautist@gmail.com | September | 26 | 1998 | Spanish | [Jhon paso uno [Jhon enters 'Jhon Jairo' into caja de texto para ingreso del nombre, Jhon enters 'Bautista Amaya' into caja de texto para ingreso del apellido, Jhon enters 'jhonbautist@gmail.com' into Caja de texto para ingreso del correo, Jhon clicks on Ingreso del mes de naciemiento, Jhon clicks on seleciona el mes de naciemiento, Jhon clicks on Ingreso del day de naciemiento, Jhon clicks on seleciona el day de naciemiento, Jhon clicks on Ingreso del aÃ±o de naciemiento, Jhon clicks on seleciona el aÃ±o de naciemiento, Jhon enters 'Spanish' into Agrega idioma , Jhon clicks on Agrega idioma , Jhon clicks on Agrega idioma ]], Y Diligencie el segundo paso del registro en la plataforma de Utest
| ciudad | codPostal | pais |
| Bogotá | 110111 | Colombia | [Jhon paso dos [Jhon enters 'Bogotá' into caja de texto para ingreso de la ciudad , Jhon enters DOWN into caja de texto para ingreso de la ciudad , Jhon enters ENTER into caja de texto para ingreso de la ciudad , Jhon enters '110111' into caja de texto para ingreso del codigo postal de la ciudad ]]
[Test worker] WARN net.thucydides.core.steps.BaseStepListener - stepStarted: net.thucydides.core.steps.ExecutedStepDescription@2aa9ece1
[Test worker] WARN net.thucydides.core.steps.BaseStepListener - stepFinished: current outcome:: Creacion Usuario:Dado Que un usuario desea registrarse en la plataforma de Utest [Jhon abrir [Jhon opens the Utest pages], Jhon registrarse [Jhon clicks on Boton para ir al formulario de registro]], Cuando Diligencie el primer paso del registro en la plataforma de Utest
| nombre | apellido | email | mesC | dayC | anioC | lenguajeUs |
| Jhon Jairo | Bautista Amaya | jhonbautist@gmail.com | September | 26 | 1998 | Spanish | [Jhon paso uno [Jhon enters 'Jhon Jairo' into caja de texto para ingreso del nombre, Jhon enters 'Bautista Amaya' into caja de texto para ingreso del apellido, Jhon enters 'jhonbautist@gmail.com' into Caja de texto para ingreso del correo, Jhon clicks on Ingreso del mes de naciemiento, Jhon clicks on seleciona el mes de naciemiento, Jhon clicks on Ingreso del day de naciemiento, Jhon clicks on seleciona el day de naciemiento, Jhon clicks on Ingreso del aÃ±o de naciemiento, Jhon clicks on seleciona el aÃ±o de naciemiento, Jhon enters 'Spanish' into Agrega idioma , Jhon clicks on Agrega idioma , Jhon clicks on Agrega idioma ]], Y Diligencie el segundo paso del registro en la plataforma de Utest
| ciudad | codPostal | pais |
| Bogotá | 110111 | Colombia | [Jhon paso dos [Jhon enters 'Bogotá' into caja de texto para ingreso de la ciudad , Jhon enters DOWN into caja de texto para ingreso de la ciudad , Jhon enters ENTER into caja de texto para ingreso de la ciudad , Jhon enters '110111' into caja de texto para ingreso del codigo postal de la ciudad , Jhon clicks on caja de texto para ingreso de la ciudad ]]
[Test worker] WARN net.thucydides.core.steps.BaseStepListener - stepFinished: current outcome:: Creacion Usuario:Dado Que un usuario desea registrarse en la plataforma de Utest [Jhon abrir [Jhon opens the Utest pages], Jhon registrarse [Jhon clicks on Boton para ir al formulario de registro]], Cuando Diligencie el primer paso del registro en la plataforma de Utest
| nombre | apellido | email | mesC | dayC | anioC | lenguajeUs |
| Jhon Jairo | Bautista Amaya | jhonbautist@gmail.com | September | 26 | 1998 | Spanish | [Jhon paso uno [Jhon enters 'Jhon Jairo' into caja de texto para ingreso del nombre, Jhon enters 'Bautista Amaya' into caja de texto para ingreso del apellido, Jhon enters 'jhonbautist@gmail.com' into Caja de texto para ingreso del correo, Jhon clicks on Ingreso del mes de naciemiento, Jhon clicks on seleciona el mes de naciemiento, Jhon clicks on Ingreso del day de naciemiento, Jhon clicks on seleciona el day de naciemiento, Jhon clicks on Ingreso del aÃ±o de naciemiento, Jhon clicks on seleciona el aÃ±o de naciemiento, Jhon enters 'Spanish' into Agrega idioma , Jhon clicks on Agrega idioma , Jhon clicks on Agrega idioma ]], Y Diligencie el segundo paso del registro en la plataforma de Utest
| ciudad | codPostal | pais |
| Bogotá | 110111 | Colombia | [Jhon paso dos [Jhon enters 'Bogotá' into caja de texto para ingreso de la ciudad , Jhon enters DOWN into caja de texto para ingreso de la ciudad , Jhon enters ENTER into caja de texto para ingreso de la ciudad , Jhon enters '110111' into caja de texto para ingreso del codigo postal de la ciudad , Jhon clicks on caja de texto para ingreso de la ciudad ]]
[Test worker] WARN net.thucydides.core.steps.BaseStepListener - stepFinished: current outcome:: Creacion Usuario:Dado Que un usuario desea registrarse en la plataforma de Utest [Jhon abrir [Jhon opens the Utest pages], Jhon registrarse [Jhon clicks on Boton para ir al formulario de registro]], Cuando Diligencie el primer paso del registro en la plataforma de Utest
| nombre | apellido | email | mesC | dayC | anioC | lenguajeUs |
| Jhon Jairo | Bautista Amaya | jhonbautist@gmail.com | September | 26 | 1998 | Spanish | [Jhon paso uno [Jhon enters 'Jhon Jairo' into caja de texto para ingreso del nombre, Jhon enters 'Bautista Amaya' into caja de texto para ingreso del apellido, Jhon enters 'jhonbautist@gmail.com' into Caja de texto para ingreso del correo, Jhon clicks on Ingreso del mes de naciemiento, Jhon clicks on seleciona el mes de naciemiento, Jhon clicks on Ingreso del day de naciemiento, Jhon clicks on seleciona el day de naciemiento, Jhon clicks on Ingreso del aÃ±o de naciemiento, Jhon clicks on seleciona el aÃ±o de naciemiento, Jhon enters 'Spanish' into Agrega idioma , Jhon clicks on Agrega idioma , Jhon clicks on Agrega idioma ]], Y Diligencie el segundo paso del registro en la plataforma de Utest
| ciudad | codPostal | pais |
| Bogotá | 110111 | Colombia | [Jhon paso dos [Jhon enters 'Bogotá' into caja de texto para ingreso de la ciudad , Jhon enters DOWN into caja de texto para ingreso de la ciudad , Jhon enters ENTER into caja de texto para ingreso de la ciudad , Jhon enters '110111' into caja de texto para ingreso del codigo postal de la ciudad , Jhon clicks on caja de texto para ingreso de la ciudad ]]
[Test worker] WARN net.thucydides.core.steps.BaseStepListener - stepStarted: net.thucydides.core.steps.ExecutedStepDescription@683847a
[Test worker] WARN net.thucydides.core.steps.BaseStepListener - stepStarted: net.thucydides.core.steps.ExecutedStepDescription@31905af5
[Test worker] WARN net.thucydides.core.steps.BaseStepListener - stepStarted: net.thucydides.core.steps.ExecutedStepDescription@73a51952
[Test worker] WARN net.thucydides.core.steps.BaseStepListener - stepFinished: current outcome:: Creacion Usuario:Dado Que un usuario desea registrarse en la plataforma de Utest [Jhon abrir [Jhon opens the Utest pages], Jhon registrarse [Jhon clicks on Boton para ir al formulario de registro]], Cuando Diligencie el primer paso del registro en la plataforma de Utest
| nombre | apellido | email | mesC | dayC | anioC | lenguajeUs |
| Jhon Jairo | Bautista Amaya | jhonbautist@gmail.com | September | 26 | 1998 | Spanish | [Jhon paso uno [Jhon enters 'Jhon Jairo' into caja de texto para ingreso del nombre, Jhon enters 'Bautista Amaya' into caja de texto para ingreso del apellido, Jhon enters 'jhonbautist@gmail.com' into Caja de texto para ingreso del correo, Jhon clicks on Ingreso del mes de naciemiento, Jhon clicks on seleciona el mes de naciemiento, Jhon clicks on Ingreso del day de naciemiento, Jhon clicks on seleciona el day de naciemiento, Jhon clicks on Ingreso del aÃ±o de naciemiento, Jhon clicks on seleciona el aÃ±o de naciemiento, Jhon enters 'Spanish' into Agrega idioma , Jhon clicks on Agrega idioma , Jhon clicks on Agrega idioma ]], Y Diligencie el segundo paso del registro en la plataforma de Utest
| ciudad | codPostal | pais |
| Bogotá | 110111 | Colombia | [Jhon paso dos [Jhon enters 'Bogotá' into caja de texto para ingreso de la ciudad , Jhon enters DOWN into caja de texto para ingreso de la ciudad , Jhon enters ENTER into caja de texto para ingreso de la ciudad , Jhon enters '110111' into caja de texto para ingreso del codigo postal de la ciudad , Jhon clicks on caja de texto para ingreso de la ciudad ]], Y Diligencie el tercer paso del registro en la plataforma de Utest
| computadora | versionSo | lenguajeCom | dispMovil | modelo | sisOperativo |
| Windows | Vista 64-bit | Spanish | Xiaomi | Redmi Note 10 Pro | Android 11 | [Jhon paso tres [Jhon clicks on caja de texto para ingreso de la ciudad ]]
[Test worker] WARN net.thucydides.core.steps.BaseStepListener - stepStarted: net.thucydides.core.steps.ExecutedStepDescription@23cc2d65
[Test worker] WARN net.thucydides.core.steps.BaseStepListener - stepFinished: current outcome:: Creacion Usuario:Dado Que un usuario desea registrarse en la plataforma de Utest [Jhon abrir [Jhon opens the Utest pages], Jhon registrarse [Jhon clicks on Boton para ir al formulario de registro]], Cuando Diligencie el primer paso del registro en la plataforma de Utest
| nombre | apellido | email | mesC | dayC | anioC | lenguajeUs |
| Jhon Jairo | Bautista Amaya | jhonbautist@gmail.com | September | 26 | 1998 | Spanish | [Jhon paso uno [Jhon enters 'Jhon Jairo' into caja de texto para ingreso del nombre, Jhon enters 'Bautista Amaya' into caja de texto para ingreso del apellido, Jhon enters 'jhonbautist@gmail.com' into Caja de texto para ingreso del correo, Jhon clicks on Ingreso del mes de naciemiento, Jhon clicks on seleciona el mes de naciemiento, Jhon clicks on Ingreso del day de naciemiento, Jhon clicks on seleciona el day de naciemiento, Jhon clicks on Ingreso del aÃ±o de naciemiento, Jhon clicks on seleciona el aÃ±o de naciemiento, Jhon enters 'Spanish' into Agrega idioma , Jhon clicks on Agrega idioma , Jhon clicks on Agrega idioma ]], Y Diligencie el segundo paso del registro en la plataforma de Utest
| ciudad | codPostal | pais |
| Bogotá | 110111 | Colombia | [Jhon paso dos [Jhon enters 'Bogotá' into caja de texto para ingreso de la ciudad , Jhon enters DOWN into caja de texto para ingreso de la ciudad , Jhon enters ENTER into caja de texto para ingreso de la ciudad , Jhon enters '110111' into caja de texto para ingreso del codigo postal de la ciudad , Jhon clicks on caja de texto para ingreso de la ciudad ]], Y Diligencie el tercer paso del registro en la plataforma de Utest
| computadora | versionSo | lenguajeCom | dispMovil | modelo | sisOperativo |
| Windows | Vista 64-bit | Spanish | Xiaomi | Redmi Note 10 Pro | Android 11 | [Jhon paso tres [Jhon clicks on caja de texto para ingreso de la ciudad , Jhon clicks on caja de texto para ingreso de la ciudad ]]
[Test worker] WARN net.thucydides.core.steps.BaseStepListener - stepStarted: net.thucydides.core.steps.ExecutedStepDescription@5c88e77a
[Test worker] WARN net.thucydides.core.steps.BaseStepListener - stepFinished: current outcome:: Creacion Usuario:Dado Que un usuario desea registrarse en la plataforma de Utest [Jhon abrir [Jhon opens the Utest pages], Jhon registrarse [Jhon clicks on Boton para ir al formulario de registro]], Cuando Diligencie el primer paso del registro en la plataforma de Utest
| nombre | apellido | email | mesC | dayC | anioC | lenguajeUs |
| Jhon Jairo | Bautista Amaya | jhonbautist@gmail.com | September | 26 | 1998 | Spanish | [Jhon paso uno [Jhon enters 'Jhon Jairo' into caja de texto para ingreso del nombre, Jhon enters 'Bautista Amaya' into caja de texto para ingreso del apellido, Jhon enters 'jhonbautist@gmail.com' into Caja de texto para ingreso del correo, Jhon clicks on Ingreso del mes de naciemiento, Jhon clicks on seleciona el mes de naciemiento, Jhon clicks on Ingreso del day de naciemiento, Jhon clicks on seleciona el day de naciemiento, Jhon clicks on Ingreso del aÃ±o de naciemiento, Jhon clicks on seleciona el aÃ±o de naciemiento, Jhon enters 'Spanish' into Agrega idioma , Jhon clicks on Agrega idioma , Jhon clicks on Agrega idioma ]], Y Diligencie el segundo paso del registro en la plataforma de Utest
| ciudad | codPostal | pais |
| Bogotá | 110111 | Colombia | [Jhon paso dos [Jhon enters 'Bogotá' into caja de texto para ingreso de la ciudad , Jhon enters DOWN into caja de texto para ingreso de la ciudad , Jhon enters ENTER into caja de texto para ingreso de la ciudad , Jhon enters '110111' into caja de texto para ingreso del codigo postal de la ciudad , Jhon clicks on caja de texto para ingreso de la ciudad ]], Y Diligencie el tercer paso del registro en la plataforma de Utest
| computadora | versionSo | lenguajeCom | dispMovil | modelo | sisOperativo |
| Windows | Vista 64-bit | Spanish | Xiaomi | Redmi Note 10 Pro | Android 11 | [Jhon paso tres [Jhon clicks on caja de texto para ingreso de la ciudad , Jhon clicks on caja de texto para ingreso de la ciudad , Jhon clicks on caja de texto para ingreso de la ciudad ]]
[Test worker] WARN net.thucydides.core.steps.BaseStepListener - stepStarted: net.thucydides.core.steps.ExecutedStepDescription@7c7d517
[Test worker] WARN net.thucydides.core.steps.BaseStepListener - stepFinished: current outcome:: Creacion Usuario:Dado Que un usuario desea registrarse en la plataforma de Utest [Jhon abrir [Jhon opens the Utest pages], Jhon registrarse [Jhon clicks on Boton para ir al formulario de registro]], Cuando Diligencie el primer paso del registro en la plataforma de Utest
| nombre | apellido | email | mesC | dayC | anioC | lenguajeUs |
| Jhon Jairo | Bautista Amaya | jhonbautist@gmail.com | September | 26 | 1998 | Spanish | [Jhon paso uno [Jhon enters 'Jhon Jairo' into caja de texto para ingreso del nombre, Jhon enters 'Bautista Amaya' into caja de texto para ingreso del apellido, Jhon enters 'jhonbautist@gmail.com' into Caja de texto para ingreso del correo, Jhon clicks on Ingreso del mes de naciemiento, Jhon clicks on seleciona el mes de naciemiento, Jhon clicks on Ingreso del day de naciemiento, Jhon clicks on seleciona el day de naciemiento, Jhon clicks on Ingreso del aÃ±o de naciemiento, Jhon clicks on seleciona el aÃ±o de naciemiento, Jhon enters 'Spanish' into Agrega idioma , Jhon clicks on Agrega idioma , Jhon clicks on Agrega idioma ]], Y Diligencie el segundo paso del registro en la plataforma de Utest
| ciudad | codPostal | pais |
| Bogotá | 110111 | Colombia | [Jhon paso dos [Jhon enters 'Bogotá' into caja de texto para ingreso de la ciudad , Jhon enters DOWN into caja de texto para ingreso de la ciudad , Jhon enters ENTER into caja de texto para ingreso de la ciudad , Jhon enters '110111' into caja de texto para ingreso del codigo postal de la ciudad , Jhon clicks on caja de texto para ingreso de la ciudad ]], Y Diligencie el tercer paso del registro en la plataforma de Utest
| computadora | versionSo | lenguajeCom | dispMovil | modelo | sisOperativo |
| Windows | Vista 64-bit | Spanish | Xiaomi | Redmi Note 10 Pro | Android 11 | [Jhon paso tres [Jhon clicks on caja de texto para ingreso de la ciudad , Jhon clicks on caja de texto para ingreso de la ciudad , Jhon clicks on caja de texto para ingreso de la ciudad , Jhon clicks on caja de texto para ingreso de la ciudad ]]
[Test worker] WARN net.thucydides.core.steps.BaseStepListener - stepStarted: net.thucydides.core.steps.ExecutedStepDescription@22d679fa
[Test worker] WARN net.thucydides.core.steps.BaseStepListener - stepFinished: current outcome:: Creacion Usuario:Dado Que un usuario desea registrarse en la plataforma de Utest [Jhon abrir [Jhon opens the Utest pages], Jhon registrarse [Jhon clicks on Boton para ir al formulario de registro]], Cuando Diligencie el primer paso del registro en la plataforma de Utest
| nombre | apellido | email | mesC | dayC | anioC | lenguajeUs |
| Jhon Jairo | Bautista Amaya | jhonbautist@gmail.com | September | 26 | 1998 | Spanish | [Jhon paso uno [Jhon enters 'Jhon Jairo' into caja de texto para ingreso del nombre, Jhon enters 'Bautista Amaya' into caja de texto para ingreso del apellido, Jhon enters 'jhonbautist@gmail.com' into Caja de texto para ingreso del correo, Jhon clicks on Ingreso del mes de naciemiento, Jhon clicks on seleciona el mes de naciemiento, Jhon clicks on Ingreso del day de naciemiento, Jhon clicks on seleciona el day de naciemiento, Jhon clicks on Ingreso del aÃ±o de naciemiento, Jhon clicks on seleciona el aÃ±o de naciemiento, Jhon enters 'Spanish' into Agrega idioma , Jhon clicks on Agrega idioma , Jhon clicks on Agrega idioma ]], Y Diligencie el segundo paso del registro en la plataforma de Utest
| ciudad | codPostal | pais |
| Bogotá | 110111 | Colombia | [Jhon paso dos [Jhon enters 'Bogotá' into caja de texto para ingreso de la ciudad , Jhon enters DOWN into caja de texto para ingreso de la ciudad , Jhon enters ENTER into caja de texto para ingreso de la ciudad , Jhon enters '110111' into caja de texto para ingreso del codigo postal de la ciudad , Jhon clicks on caja de texto para ingreso de la ciudad ]], Y Diligencie el tercer paso del registro en la plataforma de Utest
| computadora | versionSo | lenguajeCom | dispMovil | modelo | sisOperativo |
| Windows | Vista 64-bit | Spanish | Xiaomi | Redmi Note 10 Pro | Android 11 | [Jhon paso tres [Jhon clicks on caja de texto para ingreso de la ciudad , Jhon clicks on caja de texto para ingreso de la ciudad , Jhon clicks on caja de texto para ingreso de la ciudad , Jhon clicks on caja de texto para ingreso de la ciudad , Jhon clicks on caja de texto para ingreso de la ciudad ]]
[Test worker] WARN net.thucydides.core.steps.BaseStepListener - stepStarted: net.thucydides.core.steps.ExecutedStepDescription@13bdaa5b
[Test worker] WARN net.thucydides.core.steps.BaseStepListener - stepFinished: current outcome:: Creacion Usuario:Dado Que un usuario desea registrarse en la plataforma de Utest [Jhon abrir [Jhon opens the Utest pages], Jhon registrarse [Jhon clicks on Boton para ir al formulario de registro]], Cuando Diligencie el primer paso del registro en la plataforma de Utest
| nombre | apellido | email | mesC | dayC | anioC | lenguajeUs |
| Jhon Jairo | Bautista Amaya | jhonbautist@gmail.com | September | 26 | 1998 | Spanish | [Jhon paso uno [Jhon enters 'Jhon Jairo' into caja de texto para ingreso del nombre, Jhon enters 'Bautista Amaya' into caja de texto para ingreso del apellido, Jhon enters 'jhonbautist@gmail.com' into Caja de texto para ingreso del correo, Jhon clicks on Ingreso del mes de naciemiento, Jhon clicks on seleciona el mes de naciemiento, Jhon clicks on Ingreso del day de naciemiento, Jhon clicks on seleciona el day de naciemiento, Jhon clicks on Ingreso del aÃ±o de naciemiento, Jhon clicks on seleciona el aÃ±o de naciemiento, Jhon enters 'Spanish' into Agrega idioma , Jhon clicks on Agrega idioma , Jhon clicks on Agrega idioma ]], Y Diligencie el segundo paso del registro en la plataforma de Utest
| ciudad | codPostal | pais |
| Bogotá | 110111 | Colombia | [Jhon paso dos [Jhon enters 'Bogotá' into caja de texto para ingreso de la ciudad , Jhon enters DOWN into caja de texto para ingreso de la ciudad , Jhon enters ENTER into caja de texto para ingreso de la ciudad , Jhon enters '110111' into caja de texto para ingreso del codigo postal de la ciudad , Jhon clicks on caja de texto para ingreso de la ciudad ]], Y Diligencie el tercer paso del registro en la plataforma de Utest
| computadora | versionSo | lenguajeCom | dispMovil | modelo | sisOperativo |
| Windows | Vista 64-bit | Spanish | Xiaomi | Redmi Note 10 Pro | Android 11 | [Jhon paso tres [Jhon clicks on caja de texto para ingreso de la ciudad , Jhon clicks on caja de texto para ingreso de la ciudad , Jhon clicks on caja de texto para ingreso de la ciudad , Jhon clicks on caja de texto para ingreso de la ciudad , Jhon clicks on caja de texto para ingreso de la ciudad , Jhon clicks on caja de texto para ingreso de la ciudad ]]
[Test worker] WARN net.thucydides.core.steps.BaseStepListener - stepStarted: net.thucydides.core.steps.ExecutedStepDescription@377f9f03
[Test worker] WARN net.thucydides.core.steps.BaseStepListener - stepFinished: current outcome:: Creacion Usuario:Dado Que un usuario desea registrarse en la plataforma de Utest [Jhon abrir [Jhon opens the Utest pages], Jhon registrarse [Jhon clicks on Boton para ir al formulario de registro]], Cuando Diligencie el primer paso del registro en la plataforma de Utest
| nombre | apellido | email | mesC | dayC | anioC | lenguajeUs |
| Jhon Jairo | Bautista Amaya | jhonbautist@gmail.com | September | 26 | 1998 | Spanish | [Jhon paso uno [Jhon enters 'Jhon Jairo' into caja de texto para ingreso del nombre, Jhon enters 'Bautista Amaya' into caja de texto para ingreso del apellido, Jhon enters 'jhonbautist@gmail.com' into Caja de texto para ingreso del correo, Jhon clicks on Ingreso del mes de naciemiento, Jhon clicks on seleciona el mes de naciemiento, Jhon clicks on Ingreso del day de naciemiento, Jhon clicks on seleciona el day de naciemiento, Jhon clicks on Ingreso del aÃ±o de naciemiento, Jhon clicks on seleciona el aÃ±o de naciemiento, Jhon enters 'Spanish' into Agrega idioma , Jhon clicks on Agrega idioma , Jhon clicks on Agrega idioma ]], Y Diligencie el segundo paso del registro en la plataforma de Utest
| ciudad | codPostal | pais |
| Bogotá | 110111 | Colombia | [Jhon paso dos [Jhon enters 'Bogotá' into caja de texto para ingreso de la ciudad , Jhon enters DOWN into caja de texto para ingreso de la ciudad , Jhon enters ENTER into caja de texto para ingreso de la ciudad , Jhon enters '110111' into caja de texto para ingreso del codigo postal de la ciudad , Jhon clicks on caja de texto para ingreso de la ciudad ]], Y Diligencie el tercer paso del registro en la plataforma de Utest
| computadora | versionSo | lenguajeCom | dispMovil | modelo | sisOperativo |
| Windows | Vista 64-bit | Spanish | Xiaomi | Redmi Note 10 Pro | Android 11 | [Jhon paso tres [Jhon clicks on caja de texto para ingreso de la ciudad , Jhon clicks on caja de texto para ingreso de la ciudad , Jhon clicks on caja de texto para ingreso de la ciudad , Jhon clicks on caja de texto para ingreso de la ciudad , Jhon clicks on caja de texto para ingreso de la ciudad , Jhon clicks on caja de texto para ingreso de la ciudad , Jhon clicks on caja de texto para ingreso de la ciudad ]]
[Test worker] WARN net.thucydides.core.steps.BaseStepListener - stepStarted: net.thucydides.core.steps.ExecutedStepDescription@5af63d2
[Test worker] WARN net.thucydides.core.steps.BaseStepListener - stepFinished: current outcome:: Creacion Usuario:Dado Que un usuario desea registrarse en la plataforma de Utest [Jhon abrir [Jhon opens the Utest pages], Jhon registrarse [Jhon clicks on Boton para ir al formulario de registro]], Cuando Diligencie el primer paso del registro en la plataforma de Utest
| nombre | apellido | email | mesC | dayC | anioC | lenguajeUs |
| Jhon Jairo | Bautista Amaya | jhonbautist@gmail.com | September | 26 | 1998 | Spanish | [Jhon paso uno [Jhon enters 'Jhon Jairo' into caja de texto para ingreso del nombre, Jhon enters 'Bautista Amaya' into caja de texto para ingreso del apellido, Jhon enters 'jhonbautist@gmail.com' into Caja de texto para ingreso del correo, Jhon clicks on Ingreso del mes de naciemiento, Jhon clicks on seleciona el mes de naciemiento, Jhon clicks on Ingreso del day de naciemiento, Jhon clicks on seleciona el day de naciemiento, Jhon clicks on Ingreso del aÃ±o de naciemiento, Jhon clicks on seleciona el aÃ±o de naciemiento, Jhon enters 'Spanish' into Agrega idioma , Jhon clicks on Agrega idioma , Jhon clicks on Agrega idioma ]], Y Diligencie el segundo paso del registro en la plataforma de Utest
| ciudad | codPostal | pais |
| Bogotá | 110111 | Colombia | [Jhon paso dos [Jhon enters 'Bogotá' into caja de texto para ingreso de la ciudad , Jhon enters DOWN into caja de texto para ingreso de la ciudad , Jhon enters ENTER into caja de texto para ingreso de la ciudad , Jhon enters '110111' into caja de texto para ingreso del codigo postal de la ciudad , Jhon clicks on caja de texto para ingreso de la ciudad ]], Y Diligencie el tercer paso del registro en la plataforma de Utest
| computadora | versionSo | lenguajeCom | dispMovil | modelo | sisOperativo |
| Windows | Vista 64-bit | Spanish | Xiaomi | Redmi Note 10 Pro | Android 11 | [Jhon paso tres [Jhon clicks on caja de texto para ingreso de la ciudad , Jhon clicks on caja de texto para ingreso de la ciudad , Jhon clicks on caja de texto para ingreso de la ciudad , Jhon clicks on caja de texto para ingreso de la ciudad , Jhon clicks on caja de texto para ingreso de la ciudad , Jhon clicks on caja de texto para ingreso de la ciudad , Jhon clicks on caja de texto para ingreso de la ciudad , Jhon clicks on caja de texto para ingreso de la ciudad ]]
[Test worker] WARN net.thucydides.core.steps.BaseStepListener - stepStarted: net.thucydides.core.steps.ExecutedStepDescription@9990e32
[Test worker] WARN net.thucydides.core.steps.BaseStepListener - stepFinished: current outcome:: Creacion Usuario:Dado Que un usuario desea registrarse en la plataforma de Utest [Jhon abrir [Jhon opens the Utest pages], Jhon registrarse [Jhon clicks on Boton para ir al formulario de registro]], Cuando Diligencie el primer paso del registro en la plataforma de Utest
| nombre | apellido | email | mesC | dayC | anioC | lenguajeUs |
| Jhon Jairo | Bautista Amaya | jhonbautist@gmail.com | September | 26 | 1998 | Spanish | [Jhon paso uno [Jhon enters 'Jhon Jairo' into caja de texto para ingreso del nombre, Jhon enters 'Bautista Amaya' into caja de texto para ingreso del apellido, Jhon enters 'jhonbautist@gmail.com' into Caja de texto para ingreso del correo, Jhon clicks on Ingreso del mes de naciemiento, Jhon clicks on seleciona el mes de naciemiento, Jhon clicks on Ingreso del day de naciemiento, Jhon clicks on seleciona el day de naciemiento, Jhon clicks on Ingreso del aÃ±o de naciemiento, Jhon clicks on seleciona el aÃ±o de naciemiento, Jhon enters 'Spanish' into Agrega idioma , Jhon clicks on Agrega idioma , Jhon clicks on Agrega idioma ]], Y Diligencie el segundo paso del registro en la plataforma de Utest
| ciudad | codPostal | pais |
| Bogotá | 110111 | Colombia | [Jhon paso dos [Jhon enters 'Bogotá' into caja de texto para ingreso de la ciudad , Jhon enters DOWN into caja de texto para ingreso de la ciudad , Jhon enters ENTER into caja de texto para ingreso de la ciudad , Jhon enters '110111' into caja de texto para ingreso del codigo postal de la ciudad , Jhon clicks on caja de texto para ingreso de la ciudad ]], Y Diligencie el tercer paso del registro en la plataforma de Utest
| computadora | versionSo | lenguajeCom | dispMovil | modelo | sisOperativo |
| Windows | Vista 64-bit | Spanish | Xiaomi | Redmi Note 10 Pro | Android 11 | [Jhon paso tres [Jhon clicks on caja de texto para ingreso de la ciudad , Jhon clicks on caja de texto para ingreso de la ciudad , Jhon clicks on caja de texto para ingreso de la ciudad , Jhon clicks on caja de texto para ingreso de la ciudad , Jhon clicks on caja de texto para ingreso de la ciudad , Jhon clicks on caja de texto para ingreso de la ciudad , Jhon clicks on caja de texto para ingreso de la ciudad , Jhon clicks on caja de texto para ingreso de la ciudad , Jhon clicks on caja de texto para ingreso de la ciudad ]]
[Test worker] WARN net.thucydides.core.steps.BaseStepListener - stepStarted: net.thucydides.core.steps.ExecutedStepDescription@52fcd5f
[Test worker] WARN net.thucydides.core.steps.BaseStepListener - stepFinished: current outcome:: Creacion Usuario:Dado Que un usuario desea registrarse en la plataforma de Utest [Jhon abrir [Jhon opens the Utest pages], Jhon registrarse [Jhon clicks on Boton para ir al formulario de registro]], Cuando Diligencie el primer paso del registro en la plataforma de Utest
| nombre | apellido | email | mesC | dayC | anioC | lenguajeUs |
| Jhon Jairo | Bautista Amaya | jhonbautist@gmail.com | September | 26 | 1998 | Spanish | [Jhon paso uno [Jhon enters 'Jhon Jairo' into caja de texto para ingreso del nombre, Jhon enters 'Bautista Amaya' into caja de texto para ingreso del apellido, Jhon enters 'jhonbautist@gmail.com' into Caja de texto para ingreso del correo, Jhon clicks on Ingreso del mes de naciemiento, Jhon clicks on seleciona el mes de naciemiento, Jhon clicks on Ingreso del day de naciemiento, Jhon clicks on seleciona el day de naciemiento, Jhon clicks on Ingreso del aÃ±o de naciemiento, Jhon clicks on seleciona el aÃ±o de naciemiento, Jhon enters 'Spanish' into Agrega idioma , Jhon clicks on Agrega idioma , Jhon clicks on Agrega idioma ]], Y Diligencie el segundo paso del registro en la plataforma de Utest
| ciudad | codPostal | pais |
| Bogotá | 110111 | Colombia | [Jhon paso dos [Jhon enters 'Bogotá' into caja de texto para ingreso de la ciudad , Jhon enters DOWN into caja de texto para ingreso de la ciudad , Jhon enters ENTER into caja de texto para ingreso de la ciudad , Jhon enters '110111' into caja de texto para ingreso del codigo postal de la ciudad , Jhon clicks on caja de texto para ingreso de la ciudad ]], Y Diligencie el tercer paso del registro en la plataforma de Utest
| computadora | versionSo | lenguajeCom | dispMovil | modelo | sisOperativo |
| Windows | Vista 64-bit | Spanish | Xiaomi | Redmi Note 10 Pro | Android 11 | [Jhon paso tres [Jhon clicks on caja de texto para ingreso de la ciudad , Jhon clicks on caja de texto para ingreso de la ciudad , Jhon clicks on caja de texto para ingreso de la ciudad , Jhon clicks on caja de texto para ingreso de la ciudad , Jhon clicks on caja de texto para ingreso de la ciudad , Jhon clicks on caja de texto para ingreso de la ciudad , Jhon clicks on caja de texto para ingreso de la ciudad , Jhon clicks on caja de texto para ingreso de la ciudad , Jhon clicks on caja de texto para ingreso de la ciudad , Jhon clicks on caja de texto para ingreso de la ciudad ]]
[Test worker] WARN net.thucydides.core.steps.BaseStepListener - stepStarted: net.thucydides.core.steps.ExecutedStepDescription@2033414f
[Test worker] WARN net.thucydides.core.steps.BaseStepListener - stepFinished: current outcome:: Creacion Usuario:Dado Que un usuario desea registrarse en la plataforma de Utest [Jhon abrir [Jhon opens the Utest pages], Jhon registrarse [Jhon clicks on Boton para ir al formulario de registro]], Cuando Diligencie el primer paso del registro en la plataforma de Utest
| nombre | apellido | email | mesC | dayC | anioC | lenguajeUs |
| Jhon Jairo | Bautista Amaya | jhonbautist@gmail.com | September | 26 | 1998 | Spanish | [Jhon paso uno [Jhon enters 'Jhon Jairo' into caja de texto para ingreso del nombre, Jhon enters 'Bautista Amaya' into caja de texto para ingreso del apellido, Jhon enters 'jhonbautist@gmail.com' into Caja de texto para ingreso del correo, Jhon clicks on Ingreso del mes de naciemiento, Jhon clicks on seleciona el mes de naciemiento, Jhon clicks on Ingreso del day de naciemiento, Jhon clicks on seleciona el day de naciemiento, Jhon clicks on Ingreso del aÃ±o de naciemiento, Jhon clicks on seleciona el aÃ±o de naciemiento, Jhon enters 'Spanish' into Agrega idioma , Jhon clicks on Agrega idioma , Jhon clicks on Agrega idioma ]], Y Diligencie el segundo paso del registro en la plataforma de Utest
| ciudad | codPostal | pais |
| Bogotá | 110111 | Colombia | [Jhon paso dos [Jhon enters 'Bogotá' into caja de texto para ingreso de la ciudad , Jhon enters DOWN into caja de texto para ingreso de la ciudad , Jhon enters ENTER into caja de texto para ingreso de la ciudad , Jhon enters '110111' into caja de texto para ingreso del codigo postal de la ciudad , Jhon clicks on caja de texto para ingreso de la ciudad ]], Y Diligencie el tercer paso del registro en la plataforma de Utest
| computadora | versionSo | lenguajeCom | dispMovil | modelo | sisOperativo |
| Windows | Vista 64-bit | Spanish | Xiaomi | Redmi Note 10 Pro | Android 11 | [Jhon paso tres [Jhon clicks on caja de texto para ingreso de la ciudad , Jhon clicks on caja de texto para ingreso de la ciudad , Jhon clicks on caja de texto para ingreso de la ciudad , Jhon clicks on caja de texto para ingreso de la ciudad , Jhon clicks on caja de texto para ingreso de la ciudad , Jhon clicks on caja de texto para ingreso de la ciudad , Jhon clicks on caja de texto para ingreso de la ciudad , Jhon clicks on caja de texto para ingreso de la ciudad , Jhon clicks on caja de texto para ingreso de la ciudad , Jhon clicks on caja de texto para ingreso de la ciudad , Jhon clicks on caja de texto para ingreso de la ciudad ]]
[Test worker] WARN net.thucydides.core.steps.BaseStepListener - stepStarted: net.thucydides.core.steps.ExecutedStepDescription@2e705966
[Test worker] WARN net.thucydides.core.steps.BaseStepListener - stepFinished: current outcome:: Creacion Usuario:Dado Que un usuario desea registrarse en la plataforma de Utest [Jhon abrir [Jhon opens the Utest pages], Jhon registrarse [Jhon clicks on Boton para ir al formulario de registro]], Cuando Diligencie el primer paso del registro en la plataforma de Utest
| nombre | apellido | email | mesC | dayC | anioC | lenguajeUs |
| Jhon Jairo | Bautista Amaya | jhonbautist@gmail.com | September | 26 | 1998 | Spanish | [Jhon paso uno [Jhon enters 'Jhon Jairo' into caja de texto para ingreso del nombre, Jhon enters 'Bautista Amaya' into caja de texto para ingreso del apellido, Jhon enters 'jhonbautist@gmail.com' into Caja de texto para ingreso del correo, Jhon clicks on Ingreso del mes de naciemiento, Jhon clicks on seleciona el mes de naciemiento, Jhon clicks on Ingreso del day de naciemiento, Jhon clicks on seleciona el day de naciemiento, Jhon clicks on Ingreso del aÃ±o de naciemiento, Jhon clicks on seleciona el aÃ±o de naciemiento, Jhon enters 'Spanish' into Agrega idioma , Jhon clicks on Agrega idioma , Jhon clicks on Agrega idioma ]], Y Diligencie el segundo paso del registro en la plataforma de Utest
| ciudad | codPostal | pais |
| Bogotá | 110111 | Colombia | [Jhon paso dos [Jhon enters 'Bogotá' into caja de texto para ingreso de la ciudad , Jhon enters DOWN into caja de texto para ingreso de la ciudad , Jhon enters ENTER into caja de texto para ingreso de la ciudad , Jhon enters '110111' into caja de texto para ingreso del codigo postal de la ciudad , Jhon clicks on caja de texto para ingreso de la ciudad ]], Y Diligencie el tercer paso del registro en la plataforma de Utest
| computadora | versionSo | lenguajeCom | dispMovil | modelo | sisOperativo |
| Windows | Vista 64-bit | Spanish | Xiaomi | Redmi Note 10 Pro | Android 11 | [Jhon paso tres [Jhon clicks on caja de texto para ingreso de la ciudad , Jhon clicks on caja de texto para ingreso de la ciudad , Jhon clicks on caja de texto para ingreso de la ciudad , Jhon clicks on caja de texto para ingreso de la ciudad , Jhon clicks on caja de texto para ingreso de la ciudad , Jhon clicks on caja de texto para ingreso de la ciudad , Jhon clicks on caja de texto para ingreso de la ciudad , Jhon clicks on caja de texto para ingreso de la ciudad , Jhon clicks on caja de texto para ingreso de la ciudad , Jhon clicks on caja de texto para ingreso de la ciudad , Jhon clicks on caja de texto para ingreso de la ciudad , Jhon clicks on caja de texto para ingreso de la ciudad ]]
[Test worker] WARN net.thucydides.core.steps.BaseStepListener - stepStarted: net.thucydides.core.steps.ExecutedStepDescription@3fafe58c
[Test worker] WARN net.thucydides.core.steps.BaseStepListener - stepFinished: current outcome:: Creacion Usuario:Dado Que un usuario desea registrarse en la plataforma de Utest [Jhon abrir [Jhon opens the Utest pages], Jhon registrarse [Jhon clicks on Boton para ir al formulario de registro]], Cuando Diligencie el primer paso del registro en la plataforma de Utest
| nombre | apellido | email | mesC | dayC | anioC | lenguajeUs |
| Jhon Jairo | Bautista Amaya | jhonbautist@gmail.com | September | 26 | 1998 | Spanish | [Jhon paso uno [Jhon enters 'Jhon Jairo' into caja de texto para ingreso del nombre, Jhon enters 'Bautista Amaya' into caja de texto para ingreso del apellido, Jhon enters 'jhonbautist@gmail.com' into Caja de texto para ingreso del correo, Jhon clicks on Ingreso del mes de naciemiento, Jhon clicks on seleciona el mes de naciemiento, Jhon clicks on Ingreso del day de naciemiento, Jhon clicks on seleciona el day de naciemiento, Jhon clicks on Ingreso del aÃ±o de naciemiento, Jhon clicks on seleciona el aÃ±o de naciemiento, Jhon enters 'Spanish' into Agrega idioma , Jhon clicks on Agrega idioma , Jhon clicks on Agrega idioma ]], Y Diligencie el segundo paso del registro en la plataforma de Utest
| ciudad | codPostal | pais |
| Bogotá | 110111 | Colombia | [Jhon paso dos [Jhon enters 'Bogotá' into caja de texto para ingreso de la ciudad , Jhon enters DOWN into caja de texto para ingreso de la ciudad , Jhon enters ENTER into caja de texto para ingreso de la ciudad , Jhon enters '110111' into caja de texto para ingreso del codigo postal de la ciudad , Jhon clicks on caja de texto para ingreso de la ciudad ]], Y Diligencie el tercer paso del registro en la plataforma de Utest
| computadora | versionSo | lenguajeCom | dispMovil | modelo | sisOperativo |
| Windows | Vista 64-bit | Spanish | Xiaomi | Redmi Note 10 Pro | Android 11 | [Jhon paso tres [Jhon clicks on caja de texto para ingreso de la ciudad , Jhon clicks on caja de texto para ingreso de la ciudad , Jhon clicks on caja de texto para ingreso de la ciudad , Jhon clicks on caja de texto para ingreso de la ciudad , Jhon clicks on caja de texto para ingreso de la ciudad , Jhon clicks on caja de texto para ingreso de la ciudad , Jhon clicks on caja de texto para ingreso de la ciudad , Jhon clicks on caja de texto para ingreso de la ciudad , Jhon clicks on caja de texto para ingreso de la ciudad , Jhon clicks on caja de texto para ingreso de la ciudad , Jhon clicks on caja de texto para ingreso de la ciudad , Jhon clicks on caja de texto para ingreso de la ciudad , Jhon clicks on caja de texto para ingreso de la ciudad ]]
[Test worker] WARN net.thucydides.core.steps.BaseStepListener - stepFinished: current outcome:: Creacion Usuario:Dado Que un usuario desea registrarse en la plataforma de Utest [Jhon abrir [Jhon opens the Utest pages], Jhon registrarse [Jhon clicks on Boton para ir al formulario de registro]], Cuando Diligencie el primer paso del registro en la plataforma de Utest
| nombre | apellido | email | mesC | dayC | anioC | lenguajeUs |
| Jhon Jairo | Bautista Amaya | jhonbautist@gmail.com | September | 26 | 1998 | Spanish | [Jhon paso uno [Jhon enters 'Jhon Jairo' into caja de texto para ingreso del nombre, Jhon enters 'Bautista Amaya' into caja de texto para ingreso del apellido, Jhon enters 'jhonbautist@gmail.com' into Caja de texto para ingreso del correo, Jhon clicks on Ingreso del mes de naciemiento, Jhon clicks on seleciona el mes de naciemiento, Jhon clicks on Ingreso del day de naciemiento, Jhon clicks on seleciona el day de naciemiento, Jhon clicks on Ingreso del aÃ±o de naciemiento, Jhon clicks on seleciona el aÃ±o de naciemiento, Jhon enters 'Spanish' into Agrega idioma , Jhon clicks on Agrega idioma , Jhon clicks on Agrega idioma ]], Y Diligencie el segundo paso del registro en la plataforma de Utest
| ciudad | codPostal | pais |
| Bogotá | 110111 | Colombia | [Jhon paso dos [Jhon enters 'Bogotá' into caja de texto para ingreso de la ciudad , Jhon enters DOWN into caja de texto para ingreso de la ciudad , Jhon enters ENTER into caja de texto para ingreso de la ciudad , Jhon enters '110111' into caja de texto para ingreso del codigo postal de la ciudad , Jhon clicks on caja de texto para ingreso de la ciudad ]], Y Diligencie el tercer paso del registro en la plataforma de Utest
| computadora | versionSo | lenguajeCom | dispMovil | modelo | sisOperativo |
| Windows | Vista 64-bit | Spanish | Xiaomi | Redmi Note 10 Pro | Android 11 | [Jhon paso tres [Jhon clicks on caja de texto para ingreso de la ciudad , Jhon clicks on caja de texto para ingreso de la ciudad , Jhon clicks on caja de texto para ingreso de la ciudad , Jhon clicks on caja de texto para ingreso de la ciudad , Jhon clicks on caja de texto para ingreso de la ciudad , Jhon clicks on caja de texto para ingreso de la ciudad , Jhon clicks on caja de texto para ingreso de la ciudad , Jhon clicks on caja de texto para ingreso de la ciudad , Jhon clicks on caja de texto para ingreso de la ciudad , Jhon clicks on caja de texto para ingreso de la ciudad , Jhon clicks on caja de texto para ingreso de la ciudad , Jhon clicks on caja de texto para ingreso de la ciudad , Jhon clicks on caja de texto para ingreso de la ciudad ]]
[Test worker] WARN net.thucydides.core.steps.BaseStepListener - stepFinished: current outcome:: Creacion Usuario:Dado Que un usuario desea registrarse en la plataforma de Utest [Jhon abrir [Jhon opens the Utest pages], Jhon registrarse [Jhon clicks on Boton para ir al formulario de registro]], Cuando Diligencie el primer paso del registro en la plataforma de Utest
| nombre | apellido | email | mesC | dayC | anioC | lenguajeUs |
| Jhon Jairo | Bautista Amaya | jhonbautist@gmail.com | September | 26 | 1998 | Spanish | [Jhon paso uno [Jhon enters 'Jhon Jairo' into caja de texto para ingreso del nombre, Jhon enters 'Bautista Amaya' into caja de texto para ingreso del apellido, Jhon enters 'jhonbautist@gmail.com' into Caja de texto para ingreso del correo, Jhon clicks on Ingreso del mes de naciemiento, Jhon clicks on seleciona el mes de naciemiento, Jhon clicks on Ingreso del day de naciemiento, Jhon clicks on seleciona el day de naciemiento, Jhon clicks on Ingreso del aÃ±o de naciemiento, Jhon clicks on seleciona el aÃ±o de naciemiento, Jhon enters 'Spanish' into Agrega idioma , Jhon clicks on Agrega idioma , Jhon clicks on Agrega idioma ]], Y Diligencie el segundo paso del registro en la plataforma de Utest
| ciudad | codPostal | pais |
| Bogotá | 110111 | Colombia | [Jhon paso dos [Jhon enters 'Bogotá' into caja de texto para ingreso de la ciudad , Jhon enters DOWN into caja de texto para ingreso de la ciudad , Jhon enters ENTER into caja de texto para ingreso de la ciudad , Jhon enters '110111' into caja de texto para ingreso del codigo postal de la ciudad , Jhon clicks on caja de texto para ingreso de la ciudad ]], Y Diligencie el tercer paso del registro en la plataforma de Utest
| computadora | versionSo | lenguajeCom | dispMovil | modelo | sisOperativo |
| Windows | Vista 64-bit | Spanish | Xiaomi | Redmi Note 10 Pro | Android 11 | [Jhon paso tres [Jhon clicks on caja de texto para ingreso de la ciudad , Jhon clicks on caja de texto para ingreso de la ciudad , Jhon clicks on caja de texto para ingreso de la ciudad , Jhon clicks on caja de texto para ingreso de la ciudad , Jhon clicks on caja de texto para ingreso de la ciudad , Jhon clicks on caja de texto para ingreso de la ciudad , Jhon clicks on caja de texto para ingreso de la ciudad , Jhon clicks on caja de texto para ingreso de la ciudad , Jhon clicks on caja de texto para ingreso de la ciudad , Jhon clicks on caja de texto para ingreso de la ciudad , Jhon clicks on caja de texto para ingreso de la ciudad , Jhon clicks on caja de texto para ingreso de la ciudad , Jhon clicks on caja de texto para ingreso de la ciudad ]]
[Test worker] WARN net.thucydides.core.steps.BaseStepListener - stepStarted: net.thucydides.core.steps.ExecutedStepDescription@3bd133d5
[Test worker] WARN net.thucydides.core.steps.BaseStepListener - stepStarted: net.thucydides.core.steps.ExecutedStepDescription@474e366e
[Test worker] WARN net.thucydides.core.steps.BaseStepListener - stepStarted: net.thucydides.core.steps.ExecutedStepDescription@f42fa7f
[Test worker] WARN net.thucydides.core.steps.BaseStepListener - stepFinished: current outcome:: Creacion Usuario:Dado Que un usuario desea registrarse en la plataforma de Utest [Jhon abrir [Jhon opens the Utest pages], Jhon registrarse [Jhon clicks on Boton para ir al formulario de registro]], Cuando Diligencie el primer paso del registro en la plataforma de Utest
| nombre | apellido | email | mesC | dayC | anioC | lenguajeUs |
| Jhon Jairo | Bautista Amaya | jhonbautist@gmail.com | September | 26 | 1998 | Spanish | [Jhon paso uno [Jhon enters 'Jhon Jairo' into caja de texto para ingreso del nombre, Jhon enters 'Bautista Amaya' into caja de texto para ingreso del apellido, Jhon enters 'jhonbautist@gmail.com' into Caja de texto para ingreso del correo, Jhon clicks on Ingreso del mes de naciemiento, Jhon clicks on seleciona el mes de naciemiento, Jhon clicks on Ingreso del day de naciemiento, Jhon clicks on seleciona el day de naciemiento, Jhon clicks on Ingreso del aÃ±o de naciemiento, Jhon clicks on seleciona el aÃ±o de naciemiento, Jhon enters 'Spanish' into Agrega idioma , Jhon clicks on Agrega idioma , Jhon clicks on Agrega idioma ]], Y Diligencie el segundo paso del registro en la plataforma de Utest
| ciudad | codPostal | pais |
| Bogotá | 110111 | Colombia | [Jhon paso dos [Jhon enters 'Bogotá' into caja de texto para ingreso de la ciudad , Jhon enters DOWN into caja de texto para ingreso de la ciudad , Jhon enters ENTER into caja de texto para ingreso de la ciudad , Jhon enters '110111' into caja de texto para ingreso del codigo postal de la ciudad , Jhon clicks on caja de texto para ingreso de la ciudad ]], Y Diligencie el tercer paso del registro en la plataforma de Utest
| computadora | versionSo | lenguajeCom | dispMovil | modelo | sisOperativo |
| Windows | Vista 64-bit | Spanish | Xiaomi | Redmi Note 10 Pro | Android 11 | [Jhon paso tres [Jhon clicks on caja de texto para ingreso de la ciudad , Jhon clicks on caja de texto para ingreso de la ciudad , Jhon clicks on caja de texto para ingreso de la ciudad , Jhon clicks on caja de texto para ingreso de la ciudad , Jhon clicks on caja de texto para ingreso de la ciudad , Jhon clicks on caja de texto para ingreso de la ciudad , Jhon clicks on caja de texto para ingreso de la ciudad , Jhon clicks on caja de texto para ingreso de la ciudad , Jhon clicks on caja de texto para ingreso de la ciudad , Jhon clicks on caja de texto para ingreso de la ciudad , Jhon clicks on caja de texto para ingreso de la ciudad , Jhon clicks on caja de texto para ingreso de la ciudad , Jhon clicks on caja de texto para ingreso de la ciudad ]], Y Diligencie el cuarto paso del registro en la plataforma de Utest
| asignarClave | confirmarClave |
| Colombia2022* | Colombia2022* | [Jhon paso cuatro [Jhon enters 'Colombia2022*' into Caja de texto para ingreso de la contraseÃ±a]]
[Test worker] WARN net.thucydides.core.steps.BaseStepListener - stepStarted: net.thucydides.core.steps.ExecutedStepDescription@2548a1c2
[Test worker] WARN net.thucydides.core.steps.BaseStepListener - stepFinished: current outcome:: Creacion Usuario:Dado Que un usuario desea registrarse en la plataforma de Utest [Jhon abrir [Jhon opens the Utest pages], Jhon registrarse [Jhon clicks on Boton para ir al formulario de registro]], Cuando Diligencie el primer paso del registro en la plataforma de Utest
| nombre | apellido | email | mesC | dayC | anioC | lenguajeUs |
| Jhon Jairo | Bautista Amaya | jhonbautist@gmail.com | September | 26 | 1998 | Spanish | [Jhon paso uno [Jhon enters 'Jhon Jairo' into caja de texto para ingreso del nombre, Jhon enters 'Bautista Amaya' into caja de texto para ingreso del apellido, Jhon enters 'jhonbautist@gmail.com' into Caja de texto para ingreso del correo, Jhon clicks on Ingreso del mes de naciemiento, Jhon clicks on seleciona el mes de naciemiento, Jhon clicks on Ingreso del day de naciemiento, Jhon clicks on seleciona el day de naciemiento, Jhon clicks on Ingreso del aÃ±o de naciemiento, Jhon clicks on seleciona el aÃ±o de naciemiento, Jhon enters 'Spanish' into Agrega idioma , Jhon clicks on Agrega idioma , Jhon clicks on Agrega idioma ]], Y Diligencie el segundo paso del registro en la plataforma de Utest
| ciudad | codPostal | pais |
| Bogotá | 110111 | Colombia | [Jhon paso dos [Jhon enters 'Bogotá' into caja de texto para ingreso de la ciudad , Jhon enters DOWN into caja de texto para ingreso de la ciudad , Jhon enters ENTER into caja de texto para ingreso de la ciudad , Jhon enters '110111' into caja de texto para ingreso del codigo postal de la ciudad , Jhon clicks on caja de texto para ingreso de la ciudad ]], Y Diligencie el tercer paso del registro en la plataforma de Utest
| computadora | versionSo | lenguajeCom | dispMovil | modelo | sisOperativo |
| Windows | Vista 64-bit | Spanish | Xiaomi | Redmi Note 10 Pro | Android 11 | [Jhon paso tres [Jhon clicks on caja de texto para ingreso de la ciudad , Jhon clicks on caja de texto para ingreso de la ciudad , Jhon clicks on caja de texto para ingreso de la ciudad , Jhon clicks on caja de texto para ingreso de la ciudad , Jhon clicks on caja de texto para ingreso de la ciudad , Jhon clicks on caja de texto para ingreso de la ciudad , Jhon clicks on caja de texto para ingreso de la ciudad , Jhon clicks on caja de texto para ingreso de la ciudad , Jhon clicks on caja de texto para ingreso de la ciudad , Jhon clicks on caja de texto para ingreso de la ciudad , Jhon clicks on caja de texto para ingreso de la ciudad , Jhon clicks on caja de texto para ingreso de la ciudad , Jhon clicks on caja de texto para ingreso de la ciudad ]], Y Diligencie el cuarto paso del registro en la plataforma de Utest
| asignarClave | confirmarClave |
| Colombia2022* | Colombia2022* | [Jhon paso cuatro [Jhon enters 'Colombia2022*' into Caja de texto para ingreso de la contraseÃ±a, Jhon enters 'Colombia2022*' into Caja de texto para confirmar contraseÃ±a]]
[Test worker] WARN net.thucydides.core.steps.BaseStepListener - stepStarted: net.thucydides.core.steps.ExecutedStepDescription@33cb6d57
[Test worker] WARN net.thucydides.core.steps.BaseStepListener - stepFinished: current outcome:: Creacion Usuario:Dado Que un usuario desea registrarse en la plataforma de Utest [Jhon abrir [Jhon opens the Utest pages], Jhon registrarse [Jhon clicks on Boton para ir al formulario de registro]], Cuando Diligencie el primer paso del registro en la plataforma de Utest
| nombre | apellido | email | mesC | dayC | anioC | lenguajeUs |
| Jhon Jairo | Bautista Amaya | jhonbautist@gmail.com | September | 26 | 1998 | Spanish | [Jhon paso uno [Jhon enters 'Jhon Jairo' into caja de texto para ingreso del nombre, Jhon enters 'Bautista Amaya' into caja de texto para ingreso del apellido, Jhon enters 'jhonbautist@gmail.com' into Caja de texto para ingreso del correo, Jhon clicks on Ingreso del mes de naciemiento, Jhon clicks on seleciona el mes de naciemiento, Jhon clicks on Ingreso del day de naciemiento, Jhon clicks on seleciona el day de naciemiento, Jhon clicks on Ingreso del aÃ±o de naciemiento, Jhon clicks on seleciona el aÃ±o de naciemiento, Jhon enters 'Spanish' into Agrega idioma , Jhon clicks on Agrega idioma , Jhon clicks on Agrega idioma ]], Y Diligencie el segundo paso del registro en la plataforma de Utest
| ciudad | codPostal | pais |
| Bogotá | 110111 | Colombia | [Jhon paso dos [Jhon enters 'Bogotá' into caja de texto para ingreso de la ciudad , Jhon enters DOWN into caja de texto para ingreso de la ciudad , Jhon enters ENTER into caja de texto para ingreso de la ciudad , Jhon enters '110111' into caja de texto para ingreso del codigo postal de la ciudad , Jhon clicks on caja de texto para ingreso de la ciudad ]], Y Diligencie el tercer paso del registro en la plataforma de Utest
| computadora | versionSo | lenguajeCom | dispMovil | modelo | sisOperativo |
| Windows | Vista 64-bit | Spanish | Xiaomi | Redmi Note 10 Pro | Android 11 | [Jhon paso tres [Jhon clicks on caja de texto para ingreso de la ciudad , Jhon clicks on caja de texto para ingreso de la ciudad , Jhon clicks on caja de texto para ingreso de la ciudad , Jhon clicks on caja de texto para ingreso de la ciudad , Jhon clicks on caja de texto para ingreso de la ciudad , Jhon clicks on caja de texto para ingreso de la ciudad , Jhon clicks on caja de texto para ingreso de la ciudad , Jhon clicks on caja de texto para ingreso de la ciudad , Jhon clicks on caja de texto para ingreso de la ciudad , Jhon clicks on caja de texto para ingreso de la ciudad , Jhon clicks on caja de texto para ingreso de la ciudad , Jhon clicks on caja de texto para ingreso de la ciudad , Jhon clicks on caja de texto para ingreso de la ciudad ]], Y Diligencie el cuarto paso del registro en la plataforma de Utest
| asignarClave | confirmarClave |
| Colombia2022* | Colombia2022* | [Jhon paso cuatro [Jhon enters 'Colombia2022*' into Caja de texto para ingreso de la contraseÃ±a, Jhon enters 'Colombia2022*' into Caja de texto para confirmar contraseÃ±a, Jhon clicks on check box para recibir actualizaciones]]
[Test worker] WARN net.thucydides.core.steps.BaseStepListener - stepStarted: net.thucydides.core.steps.ExecutedStepDescription@4d8d3efb
[Test worker] WARN net.thucydides.core.steps.BaseStepListener - stepFinished: current outcome:: Creacion Usuario:Dado Que un usuario desea registrarse en la plataforma de Utest [Jhon abrir [Jhon opens the Utest pages], Jhon registrarse [Jhon clicks on Boton para ir al formulario de registro]], Cuando Diligencie el primer paso del registro en la plataforma de Utest
| nombre | apellido | email | mesC | dayC | anioC | lenguajeUs |
| Jhon Jairo | Bautista Amaya | jhonbautist@gmail.com | September | 26 | 1998 | Spanish | [Jhon paso uno [Jhon enters 'Jhon Jairo' into caja de texto para ingreso del nombre, Jhon enters 'Bautista Amaya' into caja de texto para ingreso del apellido, Jhon enters 'jhonbautist@gmail.com' into Caja de texto para ingreso del correo, Jhon clicks on Ingreso del mes de naciemiento, Jhon clicks on seleciona el mes de naciemiento, Jhon clicks on Ingreso del day de naciemiento, Jhon clicks on seleciona el day de naciemiento, Jhon clicks on Ingreso del aÃ±o de naciemiento, Jhon clicks on seleciona el aÃ±o de naciemiento, Jhon enters 'Spanish' into Agrega idioma , Jhon clicks on Agrega idioma , Jhon clicks on Agrega idioma ]], Y Diligencie el segundo paso del registro en la plataforma de Utest
| ciudad | codPostal | pais |
| Bogotá | 110111 | Colombia | [Jhon paso dos [Jhon enters 'Bogotá' into caja de texto para ingreso de la ciudad , Jhon enters DOWN into caja de texto para ingreso de la ciudad , Jhon enters ENTER into caja de texto para ingreso de la ciudad , Jhon enters '110111' into caja de texto para ingreso del codigo postal de la ciudad , Jhon clicks on caja de texto para ingreso de la ciudad ]], Y Diligencie el tercer paso del registro en la plataforma de Utest
| computadora | versionSo | lenguajeCom | dispMovil | modelo | sisOperativo |
| Windows | Vista 64-bit | Spanish | Xiaomi | Redmi Note 10 Pro | Android 11 | [Jhon paso tres [Jhon clicks on caja de texto para ingreso de la ciudad , Jhon clicks on caja de texto para ingreso de la ciudad , Jhon clicks on caja de texto para ingreso de la ciudad , Jhon clicks on caja de texto para ingreso de la ciudad , Jhon clicks on caja de texto para ingreso de la ciudad , Jhon clicks on caja de texto para ingreso de la ciudad , Jhon clicks on caja de texto para ingreso de la ciudad , Jhon clicks on caja de texto para ingreso de la ciudad , Jhon clicks on caja de texto para ingreso de la ciudad , Jhon clicks on caja de texto para ingreso de la ciudad , Jhon clicks on caja de texto para ingreso de la ciudad , Jhon clicks on caja de texto para ingreso de la ciudad , Jhon clicks on caja de texto para ingreso de la ciudad ]], Y Diligencie el cuarto paso del registro en la plataforma de Utest
| asignarClave | confirmarClave |
[...]
| asignarClave | confirmarClave |
| Colombia2022* | Colombia2022* | [Jhon paso cuatro [Jhon enters 'Colombia2022*' into Caja de texto para ingreso de la contraseÃ±a, Jhon enters 'Colombia2022*' into Caja de texto para confirmar contraseÃ±a, Jhon clicks on check box para recibir actualizaciones, Jhon clicks on check box  de terminos y condiciones, Jhon clicks on check box de seguridad, Jhon clicks on Terminar Proceso]], Y puede hacer el login en la plataforma de Utest
| usuario | clave |
| jhonbautist@gmail.com | Colombia2022* | [Jhon ir login [Jhon clicks on Boton para Iniciar Sesion], Jhon login [Jhon enters 'jhonbautist@gmail.com' into Ingrese su usuario para iniciar sesion, Jhon enters 'Colombia2022*' into Ingrese su clave para iniciar sesion , Jhon clicks on Boton para iniciar sesion]]
[Test worker] WARN net.thucydides.core.steps.BaseStepListener - stepStarted: net.thucydides.core.steps.ExecutedStepDescription@1a7fbb48
[Test worker] WARN net.thucydides.core.steps.BaseStepListener - stepStarted: net.thucydides.core.steps.ExecutedStepDescription@34c77f61
[Test worker] WARN net.thucydides.core.steps.BaseStepListener - stepFinished: current outcome:: Creacion Usuario:Dado Que un usuario desea registrarse en la plataforma de Utest [Jhon abrir [Jhon opens the Utest pages], Jhon registrarse [Jhon clicks on Boton para ir al formulario de registro]], Cuando Diligencie el primer paso del registro en la plataforma de Utest
| nombre | apellido | email | mesC | dayC | anioC | lenguajeUs |
| Jhon Jairo | Bautista Amaya | jhonbautist@gmail.com | September | 26 | 1998 | Spanish | [Jhon paso uno [Jhon enters 'Jhon Jairo' into caja de texto para ingreso del nombre, Jhon enters 'Bautista Amaya' into caja de texto para ingreso del apellido, Jhon enters 'jhonbautist@gmail.com' into Caja de texto para ingreso del correo, Jhon clicks on Ingreso del mes de naciemiento, Jhon clicks on seleciona el mes de naciemiento, Jhon clicks on Ingreso del day de naciemiento, Jhon clicks on seleciona el day de naciemiento, Jhon clicks on Ingreso del aÃ±o de naciemiento, Jhon clicks on seleciona el aÃ±o de naciemiento, Jhon enters 'Spanish' into Agrega idioma , Jhon clicks on Agrega idioma , Jhon clicks on Agrega idioma ]], Y Diligencie el segundo paso del registro en la plataforma de Utest
| ciudad | codPostal | pais |
| Bogotá | 110111 | Colombia | [Jhon paso dos [Jhon enters 'Bogotá' into caja de texto para ingreso de la ciudad , Jhon enters DOWN into caja de texto para ingreso de la ciudad , Jhon enters ENTER into caja de texto para ingreso de la ciudad , Jhon enters '110111' into caja de texto para ingreso del codigo postal de la ciudad , Jhon clicks on caja de texto para ingreso de la ciudad ]], Y Diligencie el tercer paso del registro en la plataforma de Utest
| computadora | versionSo | lenguajeCom | dispMovil | modelo | sisOperativo |
| Windows | Vista 64-bit | Spanish | Xiaomi | Redmi Note 10 Pro | Android 11 | [Jhon paso tres [Jhon clicks on caja de texto para ingreso de la ciudad , Jhon clicks on caja de texto para ingreso de la ciudad , Jhon clicks on caja de texto para ingreso de la ciudad , Jhon clicks on caja de texto para ingreso de la ciudad , Jhon clicks on caja de texto para ingreso de la ciudad , Jhon clicks on caja de texto para ingreso de la ciudad , Jhon clicks on caja de texto para ingreso de la ciudad , Jhon clicks on caja de texto para ingreso de la ciudad , Jhon clicks on caja de texto para ingreso de la ciudad , Jhon clicks on caja de texto para ingreso de la ciudad , Jhon clicks on caja de texto para ingreso de la ciudad , Jhon clicks on caja de texto para ingreso de la ciudad , Jhon clicks on caja de texto para ingreso de la ciudad ]], Y Diligencie el cuarto paso del registro en la plataforma de Utest
| asignarClave | confirmarClave |
| Colombia2022* | Colombia2022* | [Jhon paso cuatro [Jhon enters 'Colombia2022*' into Caja de texto para ingreso de la contraseÃ±a, Jhon enters 'Colombia2022*' into Caja de texto para confirmar contraseÃ±a, Jhon clicks on check box para recibir actualizaciones, Jhon clicks on check box  de terminos y condiciones, Jhon clicks on check box de seguridad, Jhon clicks on Terminar Proceso]], Y puede hacer el login en la plataforma de Utest
| usuario | clave |
| jhonbautist@gmail.com | Colombia2022* | [Jhon ir login [Jhon clicks on Boton para Iniciar Sesion], Jhon login [Jhon enters 'jhonbautist@gmail.com' into Ingrese su usuario para iniciar sesion, Jhon enters 'Colombia2022*' into Ingrese su clave para iniciar sesion , Jhon clicks on Boton para iniciar sesion]], Entonces validar inicio de sesion
| validacion |
| First things first... ? | [Then answer]
[Test worker] WARN net.thucydides.core.steps.BaseStepListener - stepFinished: current outcome:: Creacion Usuario:Dado Que un usuario desea registrarse en la plataforma de Utest [Jhon abrir [Jhon opens the Utest pages], Jhon registrarse [Jhon clicks on Boton para ir al formulario de registro]], Cuando Diligencie el primer paso del registro en la plataforma de Utest
| nombre | apellido | email | mesC | dayC | anioC | lenguajeUs |
| Jhon Jairo | Bautista Amaya | jhonbautist@gmail.com | September | 26 | 1998 | Spanish | [Jhon paso uno [Jhon enters 'Jhon Jairo' into caja de texto para ingreso del nombre, Jhon enters 'Bautista Amaya' into caja de texto para ingreso del apellido, Jhon enters 'jhonbautist@gmail.com' into Caja de texto para ingreso del correo, Jhon clicks on Ingreso del mes de naciemiento, Jhon clicks on seleciona el mes de naciemiento, Jhon clicks on Ingreso del day de naciemiento, Jhon clicks on seleciona el day de naciemiento, Jhon clicks on Ingreso del aÃ±o de naciemiento, Jhon clicks on seleciona el aÃ±o de naciemiento, Jhon enters 'Spanish' into Agrega idioma , Jhon clicks on Agrega idioma , Jhon clicks on Agrega idioma ]], Y Diligencie el segundo paso del registro en la plataforma de Utest
| ciudad | codPostal | pais |
| Bogotá | 110111 | Colombia | [Jhon paso dos [Jhon enters 'Bogotá' into caja de texto para ingreso de la ciudad , Jhon enters DOWN into caja de texto para ingreso de la ciudad , Jhon enters ENTER into caja de texto para ingreso de la ciudad , Jhon enters '110111' into caja de texto para ingreso del codigo postal de la ciudad , Jhon clicks on caja de texto para ingreso de la ciudad ]], Y Diligencie el tercer paso del registro en la plataforma de Utest
| computadora | versionSo | lenguajeCom | dispMovil | modelo | sisOperativo |
| Windows | Vista 64-bit | Spanish | Xiaomi | Redmi Note 10 Pro | Android 11 | [Jhon paso tres [Jhon clicks on caja de texto para ingreso de la ciudad , Jhon clicks on caja de texto para ingreso de la ciudad , Jhon clicks on caja de texto para ingreso de la ciudad , Jhon clicks on caja de texto para ingreso de la ciudad , Jhon clicks on caja de texto para ingreso de la ciudad , Jhon clicks on caja de texto para ingreso de la ciudad , Jhon clicks on caja de texto para ingreso de la ciudad , Jhon clicks on caja de texto para ingreso de la ciudad , Jhon clicks on caja de texto para ingreso de la ciudad , Jhon clicks on caja de texto para ingreso de la ciudad , Jhon clicks on caja de texto para ingreso de la ciudad , Jhon clicks on caja de texto para ingreso de la ciudad , Jhon clicks on caja de texto para ingreso de la ciudad ]], Y Diligencie el cuarto paso del registro en la plataforma de Utest
| asignarClave | confirmarClave |
| Colombia2022* | Colombia2022* | [Jhon paso cuatro [Jhon enters 'Colombia2022*' into Caja de texto para ingreso de la contraseÃ±a, Jhon enters 'Colombia2022*' into Caja de texto para confirmar contraseÃ±a, Jhon clicks on check box para recibir actualizaciones, Jhon clicks on check box  de terminos y condiciones, Jhon clicks on check box de seguridad, Jhon clicks on Terminar Proceso]], Y puede hacer el login en la plataforma de Utest
| usuario | clave |
| jhonbautist@gmail.com | Colombia2022* | [Jhon ir login [Jhon clicks on Boton para Iniciar Sesion], Jhon login [Jhon enters 'jhonbautist@gmail.com' into Ingrese su usuario para iniciar sesion, Jhon enters 'Colombia2022*' into Ingrese su clave para iniciar sesion , Jhon clicks on Boton para iniciar sesion]], Entonces validar inicio de sesion
| validacion |
| First things first... ? | [Then answer]
[Test worker] WARN net.thucydides.core.steps.BaseStepListener - testFinished: : Creacion Usuario:Dado Que un usuario desea registrarse en la plataforma de Utest [Jhon abrir [Jhon opens the Utest pages], Jhon registrarse [Jhon clicks on Boton para ir al formulario de registro]], Cuando Diligencie el primer paso del registro en la plataforma de Utest
| nombre | apellido | email | mesC | dayC | anioC | lenguajeUs |
| Jhon Jairo | Bautista Amaya | jhonbautist@gmail.com | September | 26 | 1998 | Spanish | [Jhon paso uno [Jhon enters 'Jhon Jairo' into caja de texto para ingreso del nombre, Jhon enters 'Bautista Amaya' into caja de texto para ingreso del apellido, Jhon enters 'jhonbautist@gmail.com' into Caja de texto para ingreso del correo, Jhon clicks on Ingreso del mes de naciemiento, Jhon clicks on seleciona el mes de naciemiento, Jhon clicks on Ingreso del day de naciemiento, Jhon clicks on seleciona el day de naciemiento, Jhon clicks on Ingreso del aÃ±o de naciemiento, Jhon clicks on seleciona el aÃ±o de naciemiento, Jhon enters 'Spanish' into Agrega idioma , Jhon clicks on Agrega idioma , Jhon clicks on Agrega idioma ]], Y Diligencie el segundo paso del registro en la plataforma de Utest
| ciudad | codPostal | pais |
| Bogotá | 110111 | Colombia | [Jhon paso dos [Jhon enters 'Bogotá' into caja de texto para ingreso de la ciudad , Jhon enters DOWN into caja de texto para ingreso de la ciudad , Jhon enters ENTER into caja de texto para ingreso de la ciudad , Jhon enters '110111' into caja de texto para ingreso del codigo postal de la ciudad , Jhon clicks on caja de texto para ingreso de la ciudad ]], Y Diligencie el tercer paso del registro en la plataforma de Utest
| computadora | versionSo | lenguajeCom | dispMovil | modelo | sisOperativo |
| Windows | Vista 64-bit | Spanish | Xiaomi | Redmi Note 10 Pro | Android 11 | [Jhon paso tres [Jhon clicks on caja de texto para ingreso de la ciudad , Jhon clicks on caja de texto para ingreso de la ciudad , Jhon clicks on caja de texto para ingreso de la ciudad , Jhon clicks on caja de texto para ingreso de la ciudad , Jhon clicks on caja de texto para ingreso de la ciudad , Jhon clicks on caja de texto para ingreso de la ciudad , Jhon clicks on caja de texto para ingreso de la ciudad , Jhon clicks on caja de texto para ingreso de la ciudad , Jhon clicks on caja de texto para ingreso de la ciudad , Jhon clicks on caja de texto para ingreso de la ciudad , Jhon clicks on caja de texto para ingreso de la ciudad , Jhon clicks on caja de texto para ingreso de la ciudad , Jhon clicks on caja de texto para ingreso de la ciudad ]], Y Diligencie el cuarto paso del registro en la plataforma de Utest
| asignarClave | confirmarClave |
| Colombia2022* | Colombia2022* | [Jhon paso cuatro [Jhon enters 'Colombia2022*' into Caja de texto para ingreso de la contraseÃ±a, Jhon enters 'Colombia2022*' into Caja de texto para confirmar contraseÃ±a, Jhon clicks on check box para recibir actualizaciones, Jhon clicks on check box  de terminos y condiciones, Jhon clicks on check box de seguridad, Jhon clicks on Terminar Proceso]], Y puede hacer el login en la plataforma de Utest
| usuario | clave |
| jhonbautist@gmail.com | Colombia2022* | [Jhon ir login [Jhon clicks on Boton para Iniciar Sesion], Jhon login [Jhon enters 'jhonbautist@gmail.com' into Ingrese su usuario para iniciar sesion, Jhon enters 'Colombia2022*' into Ingrese su clave para iniciar sesion , Jhon clicks on Boton para iniciar sesion]], Entonces validar inicio de sesion
| validacion |
| First things first... ? | [Then answer]
[Test worker] WARN net.thucydides.core.steps.BaseStepListener - TestOutcomes: [: Creacion Usuario:Dado Que un usuario desea registrarse en la plataforma de Utest [Jhon abrir [Jhon opens the Utest pages], Jhon registrarse [Jhon clicks on Boton para ir al formulario de registro]], Cuando Diligencie el primer paso del registro en la plataforma de Utest
| nombre | apellido | email | mesC | dayC | anioC | lenguajeUs |
| Jhon Jairo | Bautista Amaya | jhonbautist@gmail.com | September | 26 | 1998 | Spanish | [Jhon paso uno [Jhon enters 'Jhon Jairo' into caja de texto para ingreso del nombre, Jhon enters 'Bautista Amaya' into caja de texto para ingreso del apellido, Jhon enters 'jhonbautist@gmail.com' into Caja de texto para ingreso del correo, Jhon clicks on Ingreso del mes de naciemiento, Jhon clicks on seleciona el mes de naciemiento, Jhon clicks on Ingreso del day de naciemiento, Jhon clicks on seleciona el day de naciemiento, Jhon clicks on Ingreso del aÃ±o de naciemiento, Jhon clicks on seleciona el aÃ±o de naciemiento, Jhon enters 'Spanish' into Agrega idioma , Jhon clicks on Agrega idioma , Jhon clicks on Agrega idioma ]], Y Diligencie el segundo paso del registro en la plataforma de Utest
| ciudad | codPostal | pais |
| Bogotá | 110111 | Colombia | [Jhon paso dos [Jhon enters 'Bogotá' into caja de texto para ingreso de la ciudad , Jhon enters DOWN into caja de texto para ingreso de la ciudad , Jhon enters ENTER into caja de texto para ingreso de la ciudad , Jhon enters '110111' into caja de texto para ingreso del codigo postal de la ciudad , Jhon clicks on caja de texto para ingreso de la ciudad ]], Y Diligencie el tercer paso del registro en la plataforma de Utest
| computadora | versionSo | lenguajeCom | dispMovil | modelo | sisOperativo |
| Windows | Vista 64-bit | Spanish | Xiaomi | Redmi Note 10 Pro | Android 11 | [Jhon paso tres [Jhon clicks on caja de texto para ingreso de la ciudad , Jhon clicks on caja de texto para ingreso de la ciudad , Jhon clicks on caja de texto para ingreso de la ciudad , Jhon clicks on caja de texto para ingreso de la ciudad , Jhon clicks on caja de texto para ingreso de la ciudad , Jhon clicks on caja de texto para ingreso de la ciudad , Jhon clicks on caja de texto para ingreso de la ciudad , Jhon clicks on caja de texto para ingreso de la ciudad , Jhon clicks on caja de texto para ingreso de la ciudad , Jhon clicks on caja de texto para ingreso de la ciudad , Jhon clicks on caja de texto para ingreso de la ciudad , Jhon clicks on caja de texto para ingreso de la ciudad , Jhon clicks on caja de texto para ingreso de la ciudad ]], Y Diligencie el cuarto paso del registro en la plataforma de Utest
| asignarClave | confirmarClave |
| Colombia2022* | Colombia2022* | [Jhon paso cuatro [Jhon enters 'Colombia2022*' into Caja de texto para ingreso de la contraseÃ±a, Jhon enters 'Colombia2022*' into Caja de texto para confirmar contraseÃ±a, Jhon clicks on check box para recibir actualizaciones, Jhon clicks on check box  de terminos y condiciones, Jhon clicks on check box de seguridad, Jhon clicks on Terminar Proceso]], Y puede hacer el login en la plataforma de Utest
| usuario | clave |
| jhonbautist@gmail.com | Colombia2022* | [Jhon ir login [Jhon clicks on Boton para Iniciar Sesion], Jhon login [Jhon enters 'jhonbautist@gmail.com' into Ingrese su usuario para iniciar sesion, Jhon enters 'Colombia2022*' into Ingrese su clave para iniciar sesion , Jhon clicks on Boton para iniciar sesion]], Entonces validar inicio de sesion
| validacion |
| First things first... ? | [Then answer]]
[Test worker] WARN net.thucydides.core.steps.BaseStepListener - Final testOutcomes: [: Creacion Usuario:Dado Que un usuario desea registrarse en la plataforma de Utest [Jhon abrir [Jhon opens the Utest pages], Jhon registrarse [Jhon clicks on Boton para ir al formulario de registro]], Cuando Diligencie el primer paso del registro en la plataforma de Utest
| nombre | apellido | email | mesC | dayC | anioC | lenguajeUs |
| Jhon Jairo | Bautista Amaya | jhonbautist@gmail.com | September | 26 | 1998 | Spanish | [Jhon paso uno [Jhon enters 'Jhon Jairo' into caja de texto para ingreso del nombre, Jhon enters 'Bautista Amaya' into caja de texto para ingreso del apellido, Jhon enters 'jhonbautist@gmail.com' into Caja de texto para ingreso del correo, Jhon clicks on Ingreso del mes de naciemiento, Jhon clicks on seleciona el mes de naciemiento, Jhon clicks on Ingreso del day de naciemiento, Jhon clicks on seleciona el day de naciemiento, Jhon clicks on Ingreso del aÃ±o de naciemiento, Jhon clicks on seleciona el aÃ±o de naciemiento, Jhon enters 'Spanish' into Agrega idioma , Jhon clicks on Agrega idioma , Jhon clicks on Agrega idioma ]], Y Diligencie el segundo paso del registro en la plataforma de Utest
| ciudad | codPostal | pais |
| Bogotá | 110111 | Colombia | [Jhon paso dos [Jhon enters 'Bogotá' into caja de texto para ingreso de la ciudad , Jhon enters DOWN into caja de texto para ingreso de la ciudad , Jhon enters ENTER into caja de texto para ingreso de la ciudad , Jhon enters '110111' into caja de texto para ingreso del codigo postal de la ciudad , Jhon clicks on caja de texto para ingreso de la ciudad ]], Y Diligencie el tercer paso del registro en la plataforma de Utest
| computadora | versionSo | lenguajeCom | dispMovil | modelo | sisOperativo |
| Windows | Vista 64-bit | Spanish | Xiaomi | Redmi Note 10 Pro | Android 11 | [Jhon paso tres [Jhon clicks on caja de texto para ingreso de la ciudad , Jhon clicks on caja de texto para ingreso de la ciudad , Jhon clicks on caja de texto para ingreso de la ciudad , Jhon clicks on caja de texto para ingreso de la ciudad , Jhon clicks on caja de texto para ingreso de la ciudad , Jhon clicks on caja de texto para ingreso de la ciudad , Jhon clicks on caja de texto para ingreso de la ciudad , Jhon clicks on caja de texto para ingreso de la ciudad , Jhon clicks on caja de texto para ingreso de la ciudad , Jhon clicks on caja de texto para ingreso de la ciudad , Jhon clicks on caja de texto para ingreso de la ciudad , Jhon clicks on caja de texto para ingreso de la ciudad , Jhon clicks on caja de texto para ingreso de la ciudad ]], Y Diligencie el cuarto paso del registro en la plataforma de Utest
| asignarClave | confirmarClave |
| Colombia2022* | Colombia2022* | [Jhon paso cuatro [Jhon enters 'Colombia2022*' into Caja de texto para ingreso de la contraseÃ±a, Jhon enters 'Colombia2022*' into Caja de texto para confirmar contraseÃ±a, Jhon clicks on check box para recibir actualizaciones, Jhon clicks on check box  de terminos y condiciones, Jhon clicks on check box de seguridad, Jhon clicks on Terminar Proceso]], Y puede hacer el login en la plataforma de Utest
| usuario | clave |
| jhonbautist@gmail.com | Colombia2022* | [Jhon ir login [Jhon clicks on Boton para Iniciar Sesion], Jhon login [Jhon enters 'jhonbautist@gmail.com' into Ingrese su usuario para iniciar sesion, Jhon enters 'Colombia2022*' into Ingrese su clave para iniciar sesion , Jhon clicks on Boton para iniciar sesion]], Entonces validar inicio de sesion
| validacion |
| First things first... ? | [Then answer]]
[Test worker] INFO net.thucydides.core.steps.ConsoleLoggingListener - 
        __    _____ _____ ____ _____   ____   _    ____  ____  _____ ____  
  _     \ \  |_   _| ____/ ___|_   _| |  _ \ / \  / ___|/ ___|| ____|  _ \ 
 (_)_____| |   | | |  _| \___ \ | |   | |_) / _ \ \___ \\___ \|  _| | | | |
  _|_____| |   | | | |___ ___) || |   |  __/ ___ \ ___) |___) | |___| |_| |
 (_)     | |   |_| |_____|____/ |_|   |_| /_/   \_\____/|____/|_____|____/ 
        /_/                                                                

TEST PASSED: : Creacion Usuario
----------------------------------------------------------------------------
]]></system-err>
</testsuite>
